29-Jan-2022 08:02:16.522 警告 [main] org.apache.catalina.core.AprLifecycleListener.init 基于APR的本地库加载失败.错误报告为[F:\Program Files\apache-tomcat-8.5.73\bin\tcnative-1.dll: Can't load AMD 64-bit .dll on a IA 32-bit platform]
	java.lang.UnsatisfiedLinkError: F:\Program Files\apache-tomcat-8.5.73\bin\tcnative-1.dll: Can't load AMD 64-bit .dll on a IA 32-bit platform
		at java.lang.ClassLoader$NativeLibrary.load(Native Method)
		at java.lang.ClassLoader.loadLibrary0(Unknown Source)
		at java.lang.ClassLoader.loadLibrary(Unknown Source)
		at java.lang.Runtime.loadLibrary0(Unknown Source)
		at java.lang.System.loadLibrary(Unknown Source)
		at org.apache.tomcat.jni.Library.<init>(Library.java:41)
		at org.apache.tomcat.jni.Library.initialize(Library.java:173)
		at org.apache.catalina.core.AprLifecycleListener.init(AprLifecycleListener.java:202)
		at org.apache.catalina.core.AprLifecycleListener.isAprAvailable(AprLifecycleListener.java:107)
		at org.apache.catalina.connector.Connector.setProtocol(Connector.java:641)
		at org.apache.catalina.connector.Connector.<init>(Connector.java:81)
		at org.apache.catalina.startup.ConnectorCreateRule.begin(ConnectorCreateRule.java:62)
		at org.apache.tomcat.util.digester.Digester.startElement(Digester.java:1235)
		at com.sun.org.apache.xerces.internal.parsers.AbstractSAXParser.startElement(Unknown Source)
		at com.sun.org.apache.xerces.internal.parsers.AbstractXMLDocumentParser.emptyElement(Unknown Source)
		at com.sun.org.apache.xerces.internal.impl.XMLDocumentFragmentScannerImpl.scanStartElement(Unknown Source)
		at com.sun.org.apache.xerces.internal.impl.XMLDocumentFragmentScannerImpl$FragmentContentDriver.next(Unknown Source)
		at com.sun.org.apache.xerces.internal.impl.XMLDocumentScannerImpl.next(Unknown Source)
		at com.sun.org.apache.xerces.internal.impl.XMLDocumentFragmentScannerImpl.scanDocument(Unknown Source)
		at com.sun.org.apache.xerces.internal.parsers.XML11Configuration.parse(Unknown Source)
		at com.sun.org.apache.xerces.internal.parsers.XML11Configuration.parse(Unknown Source)
		at com.sun.org.apache.xerces.internal.parsers.XMLParser.parse(Unknown Source)
		at com.sun.org.apache.xerces.internal.parsers.AbstractSAXParser.parse(Unknown Source)
		at com.sun.org.apache.xerces.internal.jaxp.SAXParserImpl$JAXPSAXParser.parse(Unknown Source)
		at org.apache.tomcat.util.digester.Digester.parse(Digester.java:1496)
		at org.apache.catalina.startup.Catalina.load(Catalina.java:611)
		at org.apache.catalina.startup.Catalina.load(Catalina.java:662)
		at sun.reflect.NativeMethodAccessorImpl.invoke0(Native Method)
		at sun.reflect.NativeMethodAccessorImpl.invoke(Unknown Source)
		at sun.reflect.DelegatingMethodAccessorImpl.invoke(Unknown Source)
		at java.lang.reflect.Method.invoke(Unknown Source)
		at org.apache.catalina.startup.Bootstrap.load(Bootstrap.java:305)
		at org.apache.catalina.startup.Bootstrap.main(Bootstrap.java:475)
29-Jan-2022 08:02:16.607 信息 [main] org.apache.catalina.startup.VersionLoggerListener.log Server.服务器版本: Apache Tomcat/8.5.73
29-Jan-2022 08:02:16.609 信息 [main] org.apache.catalina.startup.VersionLoggerListener.log 服务器构建:        Nov 11 2021 13:14:36 UTC
29-Jan-2022 08:02:16.609 信息 [main] org.apache.catalina.startup.VersionLoggerListener.log 服务器版本号:      8.5.73.0
29-Jan-2022 08:02:16.609 信息 [main] org.apache.catalina.startup.VersionLoggerListener.log 操作系统名称:      Windows 10
29-Jan-2022 08:02:16.610 信息 [main] org.apache.catalina.startup.VersionLoggerListener.log OS.版本:           10.0
29-Jan-2022 08:02:16.610 信息 [main] org.apache.catalina.startup.VersionLoggerListener.log 架构:              x86
29-Jan-2022 08:02:16.610 信息 [main] org.apache.catalina.startup.VersionLoggerListener.log Java 环境变量:     C:\Program Files (x86)\Java\jre1.8.0_202
29-Jan-2022 08:02:16.610 信息 [main] org.apache.catalina.startup.VersionLoggerListener.log Java虚拟机版本:    1.8.0_202-b08
29-Jan-2022 08:02:16.611 信息 [main] org.apache.catalina.startup.VersionLoggerListener.log JVM.供应商:        Oracle Corporation
29-Jan-2022 08:02:16.611 信息 [main] org.apache.catalina.startup.VersionLoggerListener.log CATALINA_BASE:     F:\Program Files\apache-tomcat-8.5.73
29-Jan-2022 08:02:16.611 信息 [main] org.apache.catalina.startup.VersionLoggerListener.log CATALINA_HOME:     F:\Program Files\apache-tomcat-8.5.73
29-Jan-2022 08:02:16.612 信息 [main] org.apache.catalina.startup.VersionLoggerListener.log 命令行参数：       -Djava.util.logging.config.file=F:\Program Files\apache-tomcat-8.5.73\conf\logging.properties
29-Jan-2022 08:02:16.612 信息 [main] org.apache.catalina.startup.VersionLoggerListener.log 命令行参数：       -Djava.util.logging.manager=org.apache.juli.ClassLoaderLogManager
29-Jan-2022 08:02:16.612 信息 [main] org.apache.catalina.startup.VersionLoggerListener.log 命令行参数：       -Djdk.tls.ephemeralDHKeySize=2048
29-Jan-2022 08:02:16.612 信息 [main] org.apache.catalina.startup.VersionLoggerListener.log 命令行参数：       -Djava.protocol.handler.pkgs=org.apache.catalina.webresources
29-Jan-2022 08:02:16.612 信息 [main] org.apache.catalina.startup.VersionLoggerListener.log 命令行参数：       -Dignore.endorsed.dirs=
29-Jan-2022 08:02:16.613 信息 [main] org.apache.catalina.startup.VersionLoggerListener.log 命令行参数：       -Dcatalina.base=F:\Program Files\apache-tomcat-8.5.73
29-Jan-2022 08:02:16.613 信息 [main] org.apache.catalina.startup.VersionLoggerListener.log 命令行参数：       -Dcatalina.home=F:\Program Files\apache-tomcat-8.5.73
29-Jan-2022 08:02:16.613 信息 [main] org.apache.catalina.startup.VersionLoggerListener.log 命令行参数：       -Djava.io.tmpdir=F:\Program Files\apache-tomcat-8.5.73\temp
29-Jan-2022 08:02:16.890 信息 [main] org.apache.coyote.AbstractProtocol.init 初始化协议处理器 ["http-nio-8080"]
29-Jan-2022 08:02:17.387 信息 [main] org.apache.tomcat.util.net.NioSelectorPool.getSharedSelector Using a shared selector for servlet write/read
29-Jan-2022 08:02:17.410 信息 [main] org.apache.catalina.startup.Catalina.load Initialization processed in 1230 ms
29-Jan-2022 08:02:17.460 信息 [main] org.apache.catalina.core.StandardService.startInternal 正在启动服务[Catalina]
29-Jan-2022 08:02:17.460 信息 [main] org.apache.catalina.core.StandardEngine.startInternal 正在启动 Servlet 引擎：[Apache Tomcat/8.5.73]
29-Jan-2022 08:02:17.471 信息 [localhost-startStop-1] org.apache.catalina.startup.HostConfig.deployDirectory 把web 应用程序部署到目录 [F:\Program Files\apache-tomcat-8.5.73\webapps\docs]
29-Jan-2022 08:02:18.840 信息 [localhost-startStop-1] org.apache.jasper.servlet.TldScanner.scanJars 至少有一个JAR被扫描用于TLD但尚未包含TLD。 为此记录器启用调试日志记录，以获取已扫描但未在其中找到TLD的完整JAR列表。 在扫描期间跳过不需要的JAR可以缩短启动时间和JSP编译时间。
29-Jan-2022 08:02:18.887 信息 [localhost-startStop-1] org.apache.catalina.startup.HostConfig.deployDirectory Web应用程序目录[F:\Program Files\apache-tomcat-8.5.73\webapps\docs]的部署已在[1,413]毫秒内完成
29-Jan-2022 08:02:18.889 信息 [localhost-startStop-1] org.apache.catalina.startup.HostConfig.deployDirectory 把web 应用程序部署到目录 [F:\Program Files\apache-tomcat-8.5.73\webapps\examples]
29-Jan-2022 08:02:20.740 信息 [localhost-startStop-1] org.apache.jasper.servlet.TldScanner.scanJars 至少有一个JAR被扫描用于TLD但尚未包含TLD。 为此记录器启用调试日志记录，以获取已扫描但未在其中找到TLD的完整JAR列表。 在扫描期间跳过不需要的JAR可以缩短启动时间和JSP编译时间。
29-Jan-2022 08:02:20.798 信息 [localhost-startStop-1] org.apache.catalina.startup.HostConfig.deployDirectory Web应用程序目录[F:\Program Files\apache-tomcat-8.5.73\webapps\examples]的部署已在[1,909]毫秒内完成
29-Jan-2022 08:02:20.801 信息 [localhost-startStop-1] org.apache.catalina.startup.HostConfig.deployDirectory 把web 应用程序部署到目录 [F:\Program Files\apache-tomcat-8.5.73\webapps\host-manager]
29-Jan-2022 08:02:21.753 信息 [localhost-startStop-1] org.apache.jasper.servlet.TldScanner.scanJars 至少有一个JAR被扫描用于TLD但尚未包含TLD。 为此记录器启用调试日志记录，以获取已扫描但未在其中找到TLD的完整JAR列表。 在扫描期间跳过不需要的JAR可以缩短启动时间和JSP编译时间。
29-Jan-2022 08:02:21.759 信息 [localhost-startStop-1] org.apache.catalina.startup.HostConfig.deployDirectory Web应用程序目录[F:\Program Files\apache-tomcat-8.5.73\webapps\host-manager]的部署已在[958]毫秒内完成
29-Jan-2022 08:02:21.759 信息 [localhost-startStop-1] org.apache.catalina.startup.HostConfig.deployDirectory 把web 应用程序部署到目录 [F:\Program Files\apache-tomcat-8.5.73\webapps\manager]
29-Jan-2022 08:02:22.479 信息 [localhost-startStop-1] org.apache.jasper.servlet.TldScanner.scanJars 至少有一个JAR被扫描用于TLD但尚未包含TLD。 为此记录器启用调试日志记录，以获取已扫描但未在其中找到TLD的完整JAR列表。 在扫描期间跳过不需要的JAR可以缩短启动时间和JSP编译时间。
29-Jan-2022 08:02:22.483 信息 [localhost-startStop-1] org.apache.catalina.startup.HostConfig.deployDirectory Web应用程序目录[F:\Program Files\apache-tomcat-8.5.73\webapps\manager]的部署已在[724]毫秒内完成
29-Jan-2022 08:02:22.484 信息 [localhost-startStop-1] org.apache.catalina.startup.HostConfig.deployDirectory 把web 应用程序部署到目录 [F:\Program Files\apache-tomcat-8.5.73\webapps\ROOT]
29-Jan-2022 08:02:23.200 信息 [localhost-startStop-1] org.apache.jasper.servlet.TldScanner.scanJars 至少有一个JAR被扫描用于TLD但尚未包含TLD。 为此记录器启用调试日志记录，以获取已扫描但未在其中找到TLD的完整JAR列表。 在扫描期间跳过不需要的JAR可以缩短启动时间和JSP编译时间。
29-Jan-2022 08:02:23.204 信息 [localhost-startStop-1] org.apache.catalina.startup.HostConfig.deployDirectory Web应用程序目录[F:\Program Files\apache-tomcat-8.5.73\webapps\ROOT]的部署已在[720]毫秒内完成
29-Jan-2022 08:02:23.207 信息 [main] org.apache.coyote.AbstractProtocol.start 开始协议处理句柄["http-nio-8080"]
29-Jan-2022 08:02:23.249 信息 [main] org.apache.catalina.startup.Catalina.start Server startup in 5838 ms
