04-Feb-2022 08:05:00.318 警告 [main] org.apache.catalina.core.AprLifecycleListener.init 基于APR的本地库加载失败.错误报告为[F:\Program Files\apache-tomcat-8.5.73\bin\tcnative-1.dll: Can't load AMD 64-bit .dll on a IA 32-bit platform]
	java.lang.UnsatisfiedLinkError: F:\Program Files\apache-tomcat-8.5.73\bin\tcnative-1.dll: Can't load AMD 64-bit .dll on a IA 32-bit platform
		at java.lang.ClassLoader$NativeLibrary.load(Native Method)
		at java.lang.ClassLoader.loadLibrary0(Unknown Source)
		at java.lang.ClassLoader.loadLibrary(Unknown Source)
		at java.lang.Runtime.loadLibrary0(Unknown Source)
		at java.lang.System.loadLibrary(Unknown Source)
		at org.apache.tomcat.jni.Library.<init>(Library.java:41)
		at org.apache.tomcat.jni.Library.initialize(Library.java:173)
		at org.apache.catalina.core.AprLifecycleListener.init(AprLifecycleListener.java:202)
		at org.apache.catalina.core.AprLifecycleListener.isAprAvailable(AprLifecycleListener.java:107)
		at org.apache.catalina.connector.Connector.setProtocol(Connector.java:641)
		at org.apache.catalina.connector.Connector.<init>(Connector.java:81)
		at org.apache.catalina.startup.ConnectorCreateRule.begin(ConnectorCreateRule.java:62)
		at org.apache.tomcat.util.digester.Digester.startElement(Digester.java:1235)
		at com.sun.org.apache.xerces.internal.parsers.AbstractSAXParser.startElement(Unknown Source)
		at com.sun.org.apache.xerces.internal.parsers.AbstractXMLDocumentParser.emptyElement(Unknown Source)
		at com.sun.org.apache.xerces.internal.impl.XMLDocumentFragmentScannerImpl.scanStartElement(Unknown Source)
		at com.sun.org.apache.xerces.internal.impl.XMLDocumentFragmentScannerImpl$FragmentContentDriver.next(Unknown Source)
		at com.sun.org.apache.xerces.internal.impl.XMLDocumentScannerImpl.next(Unknown Source)
		at com.sun.org.apache.xerces.internal.impl.XMLDocumentFragmentScannerImpl.scanDocument(Unknown Source)
		at com.sun.org.apache.xerces.internal.parsers.XML11Configuration.parse(Unknown Source)
		at com.sun.org.apache.xerces.internal.parsers.XML11Configuration.parse(Unknown Source)
		at com.sun.org.apache.xerces.internal.parsers.XMLParser.parse(Unknown Source)
		at com.sun.org.apache.xerces.internal.parsers.AbstractSAXParser.parse(Unknown Source)
		at com.sun.org.apache.xerces.internal.jaxp.SAXParserImpl$JAXPSAXParser.parse(Unknown Source)
		at org.apache.tomcat.util.digester.Digester.parse(Digester.java:1496)
		at org.apache.catalina.startup.Catalina.load(Catalina.java:611)
		at org.apache.catalina.startup.Catalina.load(Catalina.java:662)
		at sun.reflect.NativeMethodAccessorImpl.invoke0(Native Method)
		at sun.reflect.NativeMethodAccessorImpl.invoke(Unknown Source)
		at sun.reflect.DelegatingMethodAccessorImpl.invoke(Unknown Source)
		at java.lang.reflect.Method.invoke(Unknown Source)
		at org.apache.catalina.startup.Bootstrap.load(Bootstrap.java:305)
		at org.apache.catalina.startup.Bootstrap.main(Bootstrap.java:475)
04-Feb-2022 08:05:00.398 信息 [main] org.apache.catalina.startup.VersionLoggerListener.log Server.服务器版本: Apache Tomcat/8.5.73
04-Feb-2022 08:05:00.401 信息 [main] org.apache.catalina.startup.VersionLoggerListener.log 服务器构建:        Nov 11 2021 13:14:36 UTC
04-Feb-2022 08:05:00.402 信息 [main] org.apache.catalina.startup.VersionLoggerListener.log 服务器版本号:      8.5.73.0
04-Feb-2022 08:05:00.402 信息 [main] org.apache.catalina.startup.VersionLoggerListener.log 操作系统名称:      Windows 10
04-Feb-2022 08:05:00.402 信息 [main] org.apache.catalina.startup.VersionLoggerListener.log OS.版本:           10.0
04-Feb-2022 08:05:00.403 信息 [main] org.apache.catalina.startup.VersionLoggerListener.log 架构:              x86
04-Feb-2022 08:05:00.403 信息 [main] org.apache.catalina.startup.VersionLoggerListener.log Java 环境变量:     C:\Program Files (x86)\Java\jre1.8.0_202
04-Feb-2022 08:05:00.403 信息 [main] org.apache.catalina.startup.VersionLoggerListener.log Java虚拟机版本:    1.8.0_202-b08
04-Feb-2022 08:05:00.403 信息 [main] org.apache.catalina.startup.VersionLoggerListener.log JVM.供应商:        Oracle Corporation
04-Feb-2022 08:05:00.404 信息 [main] org.apache.catalina.startup.VersionLoggerListener.log CATALINA_BASE:     F:\Program Files\apache-tomcat-8.5.73
04-Feb-2022 08:05:00.404 信息 [main] org.apache.catalina.startup.VersionLoggerListener.log CATALINA_HOME:     F:\Program Files\apache-tomcat-8.5.73
04-Feb-2022 08:05:00.404 信息 [main] org.apache.catalina.startup.VersionLoggerListener.log 命令行参数：       -Djava.util.logging.config.file=F:\Program Files\apache-tomcat-8.5.73\conf\logging.properties
04-Feb-2022 08:05:00.404 信息 [main] org.apache.catalina.startup.VersionLoggerListener.log 命令行参数：       -Djava.util.logging.manager=org.apache.juli.ClassLoaderLogManager
04-Feb-2022 08:05:00.405 信息 [main] org.apache.catalina.startup.VersionLoggerListener.log 命令行参数：       -Djdk.tls.ephemeralDHKeySize=2048
04-Feb-2022 08:05:00.405 信息 [main] org.apache.catalina.startup.VersionLoggerListener.log 命令行参数：       -Djava.protocol.handler.pkgs=org.apache.catalina.webresources
04-Feb-2022 08:05:00.405 信息 [main] org.apache.catalina.startup.VersionLoggerListener.log 命令行参数：       -Dignore.endorsed.dirs=
04-Feb-2022 08:05:00.405 信息 [main] org.apache.catalina.startup.VersionLoggerListener.log 命令行参数：       -Dcatalina.base=F:\Program Files\apache-tomcat-8.5.73
04-Feb-2022 08:05:00.405 信息 [main] org.apache.catalina.startup.VersionLoggerListener.log 命令行参数：       -Dcatalina.home=F:\Program Files\apache-tomcat-8.5.73
04-Feb-2022 08:05:00.405 信息 [main] org.apache.catalina.startup.VersionLoggerListener.log 命令行参数：       -Djava.io.tmpdir=F:\Program Files\apache-tomcat-8.5.73\temp
04-Feb-2022 08:05:00.670 信息 [main] org.apache.coyote.AbstractProtocol.init 初始化协议处理器 ["http-nio-8080"]
04-Feb-2022 08:05:01.115 信息 [main] org.apache.tomcat.util.net.NioSelectorPool.getSharedSelector Using a shared selector for servlet write/read
04-Feb-2022 08:05:01.125 信息 [main] org.apache.catalina.startup.Catalina.load Initialization processed in 1147 ms
04-Feb-2022 08:05:01.171 信息 [main] org.apache.catalina.core.StandardService.startInternal 正在启动服务[Catalina]
04-Feb-2022 08:05:01.171 信息 [main] org.apache.catalina.core.StandardEngine.startInternal 正在启动 Servlet 引擎：[Apache Tomcat/8.5.73]
04-Feb-2022 08:05:01.181 信息 [localhost-startStop-1] org.apache.catalina.startup.HostConfig.deployDirectory 把web 应用程序部署到目录 [F:\Program Files\apache-tomcat-8.5.73\webapps\docs]
04-Feb-2022 08:05:02.293 信息 [localhost-startStop-1] org.apache.jasper.servlet.TldScanner.scanJars 至少有一个JAR被扫描用于TLD但尚未包含TLD。 为此记录器启用调试日志记录，以获取已扫描但未在其中找到TLD的完整JAR列表。 在扫描期间跳过不需要的JAR可以缩短启动时间和JSP编译时间。
04-Feb-2022 08:05:02.355 信息 [localhost-startStop-1] org.apache.catalina.startup.HostConfig.deployDirectory Web应用程序目录[F:\Program Files\apache-tomcat-8.5.73\webapps\docs]的部署已在[1,171]毫秒内完成
04-Feb-2022 08:05:02.357 信息 [localhost-startStop-1] org.apache.catalina.startup.HostConfig.deployDirectory 把web 应用程序部署到目录 [F:\Program Files\apache-tomcat-8.5.73\webapps\examples]
04-Feb-2022 08:05:03.587 信息 [localhost-startStop-1] org.apache.jasper.servlet.TldScanner.scanJars 至少有一个JAR被扫描用于TLD但尚未包含TLD。 为此记录器启用调试日志记录，以获取已扫描但未在其中找到TLD的完整JAR列表。 在扫描期间跳过不需要的JAR可以缩短启动时间和JSP编译时间。
04-Feb-2022 08:05:03.632 信息 [localhost-startStop-1] org.apache.catalina.startup.HostConfig.deployDirectory Web应用程序目录[F:\Program Files\apache-tomcat-8.5.73\webapps\examples]的部署已在[1,275]毫秒内完成
04-Feb-2022 08:05:03.633 信息 [localhost-startStop-1] org.apache.catalina.startup.HostConfig.deployDirectory 把web 应用程序部署到目录 [F:\Program Files\apache-tomcat-8.5.73\webapps\host-manager]
04-Feb-2022 08:05:04.324 信息 [localhost-startStop-1] org.apache.jasper.servlet.TldScanner.scanJars 至少有一个JAR被扫描用于TLD但尚未包含TLD。 为此记录器启用调试日志记录，以获取已扫描但未在其中找到TLD的完整JAR列表。 在扫描期间跳过不需要的JAR可以缩短启动时间和JSP编译时间。
04-Feb-2022 08:05:04.329 信息 [localhost-startStop-1] org.apache.catalina.startup.HostConfig.deployDirectory Web应用程序目录[F:\Program Files\apache-tomcat-8.5.73\webapps\host-manager]的部署已在[696]毫秒内完成
04-Feb-2022 08:05:04.330 信息 [localhost-startStop-1] org.apache.catalina.startup.HostConfig.deployDirectory 把web 应用程序部署到目录 [F:\Program Files\apache-tomcat-8.5.73\webapps\manager]
04-Feb-2022 08:05:05.010 信息 [localhost-startStop-1] org.apache.jasper.servlet.TldScanner.scanJars 至少有一个JAR被扫描用于TLD但尚未包含TLD。 为此记录器启用调试日志记录，以获取已扫描但未在其中找到TLD的完整JAR列表。 在扫描期间跳过不需要的JAR可以缩短启动时间和JSP编译时间。
04-Feb-2022 08:05:05.014 信息 [localhost-startStop-1] org.apache.catalina.startup.HostConfig.deployDirectory Web应用程序目录[F:\Program Files\apache-tomcat-8.5.73\webapps\manager]的部署已在[684]毫秒内完成
04-Feb-2022 08:05:05.015 信息 [localhost-startStop-1] org.apache.catalina.startup.HostConfig.deployDirectory 把web 应用程序部署到目录 [F:\Program Files\apache-tomcat-8.5.73\webapps\ROOT]
04-Feb-2022 08:05:05.711 信息 [localhost-startStop-1] org.apache.jasper.servlet.TldScanner.scanJars 至少有一个JAR被扫描用于TLD但尚未包含TLD。 为此记录器启用调试日志记录，以获取已扫描但未在其中找到TLD的完整JAR列表。 在扫描期间跳过不需要的JAR可以缩短启动时间和JSP编译时间。
04-Feb-2022 08:05:05.716 信息 [localhost-startStop-1] org.apache.catalina.startup.HostConfig.deployDirectory Web应用程序目录[F:\Program Files\apache-tomcat-8.5.73\webapps\ROOT]的部署已在[701]毫秒内完成
04-Feb-2022 08:05:05.719 信息 [main] org.apache.coyote.AbstractProtocol.start 开始协议处理句柄["http-nio-8080"]
04-Feb-2022 08:05:05.735 信息 [main] org.apache.catalina.startup.Catalina.start Server startup in 4609 ms
