21-Jan-2022 08:16:57.788 嚴重 [http-nio-8080-exec-9] org.apache.catalina.core.StandardWrapperValve.invoke Servlet.service() for servlet [jsp] in context with path [] threw exception [Unable to compile class for JSP: 

An error occurred at line: [32] in the jsp file: [/test1/time.jsp]
Duplicate local variable connection
29: String time = request.getParameter("username");
30: 
31: 
32: Connection connection = null;
33: Statement statement = null;
34: ResultSet rs = null;
35: 


An error occurred at line: [39] in the jsp file: [/test1/time.jsp]
Duplicate local variable rs
36:  
37: 
38: 
39: ResultSet rs=stmt.executeQuery("SELECT PROCESS_NAME,sum(PASS_QTY+REPASS_QTY+REFAIL_QTY +FAIL_QTY)as input,SUM(PASS_QTY+REPASS_QTY)as output,SUM(FAIL_QTY+REFAIL_QTY)as Fail,WORK_DATE from(select * from sajet.G_SN_COUNT a LEFT join sajet.SYS_PROCESS b  on a.process_id = b.process_id WHERE WORK_DATE='"+time+"') GROUP BY PROCESS_NAME, WORK_DATE");
40: 
41: 
42: 


Stacktrace:] with root cause
	org.apache.jasper.JasperException: Unable to compile class for JSP: 

An error occurred at line: [32] in the jsp file: [/test1/time.jsp]
Duplicate local variable connection
29: String time = request.getParameter("username");
30: 
31: 
32: Connection connection = null;
33: Statement statement = null;
34: ResultSet rs = null;
35: 


An error occurred at line: [39] in the jsp file: [/test1/time.jsp]
Duplicate local variable rs
36:  
37: 
38: 
39: ResultSet rs=stmt.executeQuery("SELECT PROCESS_NAME,sum(PASS_QTY+REPASS_QTY+REFAIL_QTY +FAIL_QTY)as input,SUM(PASS_QTY+REPASS_QTY)as output,SUM(FAIL_QTY+REFAIL_QTY)as Fail,WORK_DATE from(select * from sajet.G_SN_COUNT a LEFT join sajet.SYS_PROCESS b  on a.process_id = b.process_id WHERE WORK_DATE='"+time+"') GROUP BY PROCESS_NAME, WORK_DATE");
40: 
41: 
42: 


Stacktrace:
		at org.apache.jasper.compiler.DefaultErrorHandler.javacError(DefaultErrorHandler.java:101)
		at org.apache.jasper.compiler.ErrorDispatcher.javacError(ErrorDispatcher.java:213)
		at org.apache.jasper.compiler.JDTCompiler.generateClass(JDTCompiler.java:556)
		at org.apache.jasper.compiler.Compiler.compile(Compiler.java:380)
		at org.apache.jasper.compiler.Compiler.compile(Compiler.java:350)
		at org.apache.jasper.compiler.Compiler.compile(Compiler.java:334)
		at org.apache.jasper.JspCompilationContext.compile(JspCompilationContext.java:597)
		at org.apache.jasper.servlet.JspServletWrapper.service(JspServletWrapper.java:398)
		at org.apache.jasper.servlet.JspServlet.serviceJspFile(JspServlet.java:383)
		at org.apache.jasper.servlet.JspServlet.service(JspServlet.java:331)
		at javax.servlet.http.HttpServlet.service(HttpServlet.java:764)
		at org.apache.catalina.core.ApplicationFilterChain.internalDoFilter(ApplicationFilterChain.java:231)
		at org.apache.catalina.core.ApplicationFilterChain.doFilter(ApplicationFilterChain.java:166)
		at org.apache.tomcat.websocket.server.WsFilter.doFilter(WsFilter.java:52)
		at org.apache.catalina.core.ApplicationFilterChain.internalDoFilter(ApplicationFilterChain.java:193)
		at org.apache.catalina.core.ApplicationFilterChain.doFilter(ApplicationFilterChain.java:166)
		at org.apache.catalina.core.StandardWrapperValve.invoke(StandardWrapperValve.java:196)
		at org.apache.catalina.core.StandardContextValve.invoke(StandardContextValve.java:97)
		at org.apache.catalina.authenticator.AuthenticatorBase.invoke(AuthenticatorBase.java:542)
		at org.apache.catalina.core.StandardHostValve.invoke(StandardHostValve.java:135)
		at org.apache.catalina.valves.ErrorReportValve.invoke(ErrorReportValve.java:81)
		at org.apache.catalina.valves.AbstractAccessLogValve.invoke(AbstractAccessLogValve.java:698)
		at org.apache.catalina.core.StandardEngineValve.invoke(StandardEngineValve.java:78)
		at org.apache.catalina.connector.CoyoteAdapter.service(CoyoteAdapter.java:364)
		at org.apache.coyote.http11.Http11Processor.service(Http11Processor.java:624)
		at org.apache.coyote.AbstractProcessorLight.process(AbstractProcessorLight.java:65)
		at org.apache.coyote.AbstractProtocol$ConnectionHandler.process(AbstractProtocol.java:831)
		at org.apache.tomcat.util.net.NioEndpoint$SocketProcessor.doRun(NioEndpoint.java:1673)
		at org.apache.tomcat.util.net.SocketProcessorBase.run(SocketProcessorBase.java:49)
		at org.apache.tomcat.util.threads.ThreadPoolExecutor.runWorker(ThreadPoolExecutor.java:1191)
		at org.apache.tomcat.util.threads.ThreadPoolExecutor$Worker.run(ThreadPoolExecutor.java:659)
		at org.apache.tomcat.util.threads.TaskThread$WrappingRunnable.run(TaskThread.java:61)
		at java.lang.Thread.run(Unknown Source)
21-Jan-2022 08:21:38.310 嚴重 [http-nio-8080-exec-5] org.apache.catalina.core.StandardWrapperValve.invoke Servlet.service() for servlet [jsp] in context with path [] threw exception [Unsupported encoding: [GBK2312]] with root cause
	org.apache.jasper.JasperException: Unsupported encoding: [GBK2312]
		at org.apache.jasper.compiler.DefaultErrorHandler.jspError(DefaultErrorHandler.java:54)
		at org.apache.jasper.compiler.ErrorDispatcher.dispatch(ErrorDispatcher.java:294)
		at org.apache.jasper.compiler.ErrorDispatcher.jspError(ErrorDispatcher.java:81)
		at org.apache.jasper.compiler.JspUtil.getReader(JspUtil.java:906)
		at org.apache.jasper.compiler.ParserController.doParse(ParserController.java:240)
		at org.apache.jasper.compiler.ParserController.parseDirectives(ParserController.java:127)
		at org.apache.jasper.compiler.Compiler.generateJava(Compiler.java:197)
		at org.apache.jasper.compiler.Compiler.compile(Compiler.java:374)
		at org.apache.jasper.compiler.Compiler.compile(Compiler.java:350)
		at org.apache.jasper.compiler.Compiler.compile(Compiler.java:334)
		at org.apache.jasper.JspCompilationContext.compile(JspCompilationContext.java:597)
		at org.apache.jasper.servlet.JspServletWrapper.service(JspServletWrapper.java:398)
		at org.apache.jasper.servlet.JspServlet.serviceJspFile(JspServlet.java:383)
		at org.apache.jasper.servlet.JspServlet.service(JspServlet.java:331)
		at javax.servlet.http.HttpServlet.service(HttpServlet.java:764)
		at org.apache.catalina.core.ApplicationFilterChain.internalDoFilter(ApplicationFilterChain.java:231)
		at org.apache.catalina.core.ApplicationFilterChain.doFilter(ApplicationFilterChain.java:166)
		at org.apache.tomcat.websocket.server.WsFilter.doFilter(WsFilter.java:52)
		at org.apache.catalina.core.ApplicationFilterChain.internalDoFilter(ApplicationFilterChain.java:193)
		at org.apache.catalina.core.ApplicationFilterChain.doFilter(ApplicationFilterChain.java:166)
		at org.apache.catalina.core.StandardWrapperValve.invoke(StandardWrapperValve.java:196)
		at org.apache.catalina.core.StandardContextValve.invoke(StandardContextValve.java:97)
		at org.apache.catalina.authenticator.AuthenticatorBase.invoke(AuthenticatorBase.java:542)
		at org.apache.catalina.core.StandardHostValve.invoke(StandardHostValve.java:135)
		at org.apache.catalina.valves.ErrorReportValve.invoke(ErrorReportValve.java:81)
		at org.apache.catalina.valves.AbstractAccessLogValve.invoke(AbstractAccessLogValve.java:698)
		at org.apache.catalina.core.StandardEngineValve.invoke(StandardEngineValve.java:78)
		at org.apache.catalina.connector.CoyoteAdapter.service(CoyoteAdapter.java:364)
		at org.apache.coyote.http11.Http11Processor.service(Http11Processor.java:624)
		at org.apache.coyote.AbstractProcessorLight.process(AbstractProcessorLight.java:65)
		at org.apache.coyote.AbstractProtocol$ConnectionHandler.process(AbstractProtocol.java:831)
		at org.apache.tomcat.util.net.NioEndpoint$SocketProcessor.doRun(NioEndpoint.java:1673)
		at org.apache.tomcat.util.net.SocketProcessorBase.run(SocketProcessorBase.java:49)
		at org.apache.tomcat.util.threads.ThreadPoolExecutor.runWorker(ThreadPoolExecutor.java:1191)
		at org.apache.tomcat.util.threads.ThreadPoolExecutor$Worker.run(ThreadPoolExecutor.java:659)
		at org.apache.tomcat.util.threads.TaskThread$WrappingRunnable.run(TaskThread.java:61)
		at java.lang.Thread.run(Unknown Source)
21-Jan-2022 08:22:08.994 嚴重 [http-nio-8080-exec-6] org.apache.catalina.core.StandardWrapperValve.invoke Servlet.service() for servlet [jsp] in context with path [] threw exception [Unsupported encoding: [uft-8]] with root cause
	org.apache.jasper.JasperException: Unsupported encoding: [uft-8]
		at org.apache.jasper.compiler.DefaultErrorHandler.jspError(DefaultErrorHandler.java:54)
		at org.apache.jasper.compiler.ErrorDispatcher.dispatch(ErrorDispatcher.java:294)
		at org.apache.jasper.compiler.ErrorDispatcher.jspError(ErrorDispatcher.java:81)
		at org.apache.jasper.compiler.JspUtil.getReader(JspUtil.java:906)
		at org.apache.jasper.compiler.ParserController.doParse(ParserController.java:240)
		at org.apache.jasper.compiler.ParserController.parseDirectives(ParserController.java:127)
		at org.apache.jasper.compiler.Compiler.generateJava(Compiler.java:197)
		at org.apache.jasper.compiler.Compiler.compile(Compiler.java:374)
		at org.apache.jasper.compiler.Compiler.compile(Compiler.java:350)
		at org.apache.jasper.compiler.Compiler.compile(Compiler.java:334)
		at org.apache.jasper.JspCompilationContext.compile(JspCompilationContext.java:597)
		at org.apache.jasper.servlet.JspServletWrapper.service(JspServletWrapper.java:398)
		at org.apache.jasper.servlet.JspServlet.serviceJspFile(JspServlet.java:383)
		at org.apache.jasper.servlet.JspServlet.service(JspServlet.java:331)
		at javax.servlet.http.HttpServlet.service(HttpServlet.java:764)
		at org.apache.catalina.core.ApplicationFilterChain.internalDoFilter(ApplicationFilterChain.java:231)
		at org.apache.catalina.core.ApplicationFilterChain.doFilter(ApplicationFilterChain.java:166)
		at org.apache.tomcat.websocket.server.WsFilter.doFilter(WsFilter.java:52)
		at org.apache.catalina.core.ApplicationFilterChain.internalDoFilter(ApplicationFilterChain.java:193)
		at org.apache.catalina.core.ApplicationFilterChain.doFilter(ApplicationFilterChain.java:166)
		at org.apache.catalina.core.StandardWrapperValve.invoke(StandardWrapperValve.java:196)
		at org.apache.catalina.core.StandardContextValve.invoke(StandardContextValve.java:97)
		at org.apache.catalina.authenticator.AuthenticatorBase.invoke(AuthenticatorBase.java:542)
		at org.apache.catalina.core.StandardHostValve.invoke(StandardHostValve.java:135)
		at org.apache.catalina.valves.ErrorReportValve.invoke(ErrorReportValve.java:81)
		at org.apache.catalina.valves.AbstractAccessLogValve.invoke(AbstractAccessLogValve.java:698)
		at org.apache.catalina.core.StandardEngineValve.invoke(StandardEngineValve.java:78)
		at org.apache.catalina.connector.CoyoteAdapter.service(CoyoteAdapter.java:364)
		at org.apache.coyote.http11.Http11Processor.service(Http11Processor.java:624)
		at org.apache.coyote.AbstractProcessorLight.process(AbstractProcessorLight.java:65)
		at org.apache.coyote.AbstractProtocol$ConnectionHandler.process(AbstractProtocol.java:831)
		at org.apache.tomcat.util.net.NioEndpoint$SocketProcessor.doRun(NioEndpoint.java:1673)
		at org.apache.tomcat.util.net.SocketProcessorBase.run(SocketProcessorBase.java:49)
		at org.apache.tomcat.util.threads.ThreadPoolExecutor.runWorker(ThreadPoolExecutor.java:1191)
		at org.apache.tomcat.util.threads.ThreadPoolExecutor$Worker.run(ThreadPoolExecutor.java:659)
		at org.apache.tomcat.util.threads.TaskThread$WrappingRunnable.run(TaskThread.java:61)
		at java.lang.Thread.run(Unknown Source)
21-Jan-2022 15:30:51.240 嚴重 [http-nio-8080-exec-2] org.apache.catalina.core.StandardWrapperValve.invoke Servlet.service() for servlet [jsp] in context with path [] threw exception [Unable to compile class for JSP: 

An error occurred at line: [89] in the jsp file: [/test1/line.jsp]
time cannot be resolved to a variable
86: 
87: 
88: 
89: ResultSet rs=stmt.executeQuery("SELECT PROCESS_NAME,SUM(PASS_QTY+REPASS_QTY)as good,SUM(FAIL_QTY+REFAIL_QTY)as Fail,sum(PASS_QTY+REPASS_QTY+REFAIL_QTY +FAIL_QTY)as Totalinput from(select * from sajet.G_SN_COUNT a LEFT join sajet.SYS_PROCESS b  on a.process_id = b.process_id LEFT join sajet.SYS_PDLINE b  on a.PDLINE_ID = b.PDLINE_ID WHERE (PDLINE_NAME='"+name+"'AND a.WORK_DATE ='"+time+"')) GROUP BY PROCESS_NAME ");
90: 
91: %>
92: <figure class="highcharts-figure">


Stacktrace:] with root cause
	org.apache.jasper.JasperException: Unable to compile class for JSP: 

An error occurred at line: [89] in the jsp file: [/test1/line.jsp]
time cannot be resolved to a variable
86: 
87: 
88: 
89: ResultSet rs=stmt.executeQuery("SELECT PROCESS_NAME,SUM(PASS_QTY+REPASS_QTY)as good,SUM(FAIL_QTY+REFAIL_QTY)as Fail,sum(PASS_QTY+REPASS_QTY+REFAIL_QTY +FAIL_QTY)as Totalinput from(select * from sajet.G_SN_COUNT a LEFT join sajet.SYS_PROCESS b  on a.process_id = b.process_id LEFT join sajet.SYS_PDLINE b  on a.PDLINE_ID = b.PDLINE_ID WHERE (PDLINE_NAME='"+name+"'AND a.WORK_DATE ='"+time+"')) GROUP BY PROCESS_NAME ");
90: 
91: %>
92: <figure class="highcharts-figure">


Stacktrace:
		at org.apache.jasper.compiler.DefaultErrorHandler.javacError(DefaultErrorHandler.java:101)
		at org.apache.jasper.compiler.ErrorDispatcher.javacError(ErrorDispatcher.java:213)
		at org.apache.jasper.compiler.JDTCompiler.generateClass(JDTCompiler.java:556)
		at org.apache.jasper.compiler.Compiler.compile(Compiler.java:380)
		at org.apache.jasper.compiler.Compiler.compile(Compiler.java:350)
		at org.apache.jasper.compiler.Compiler.compile(Compiler.java:334)
		at org.apache.jasper.JspCompilationContext.compile(JspCompilationContext.java:597)
		at org.apache.jasper.servlet.JspServletWrapper.service(JspServletWrapper.java:398)
		at org.apache.jasper.servlet.JspServlet.serviceJspFile(JspServlet.java:383)
		at org.apache.jasper.servlet.JspServlet.service(JspServlet.java:331)
		at javax.servlet.http.HttpServlet.service(HttpServlet.java:764)
		at org.apache.catalina.core.ApplicationFilterChain.internalDoFilter(ApplicationFilterChain.java:231)
		at org.apache.catalina.core.ApplicationFilterChain.doFilter(ApplicationFilterChain.java:166)
		at org.apache.tomcat.websocket.server.WsFilter.doFilter(WsFilter.java:52)
		at org.apache.catalina.core.ApplicationFilterChain.internalDoFilter(ApplicationFilterChain.java:193)
		at org.apache.catalina.core.ApplicationFilterChain.doFilter(ApplicationFilterChain.java:166)
		at org.apache.catalina.core.StandardWrapperValve.invoke(StandardWrapperValve.java:196)
		at org.apache.catalina.core.StandardContextValve.invoke(StandardContextValve.java:97)
		at org.apache.catalina.authenticator.AuthenticatorBase.invoke(AuthenticatorBase.java:542)
		at org.apache.catalina.core.StandardHostValve.invoke(StandardHostValve.java:135)
		at org.apache.catalina.valves.ErrorReportValve.invoke(ErrorReportValve.java:81)
		at org.apache.catalina.valves.AbstractAccessLogValve.invoke(AbstractAccessLogValve.java:698)
		at org.apache.catalina.core.StandardEngineValve.invoke(StandardEngineValve.java:78)
		at org.apache.catalina.connector.CoyoteAdapter.service(CoyoteAdapter.java:364)
		at org.apache.coyote.http11.Http11Processor.service(Http11Processor.java:624)
		at org.apache.coyote.AbstractProcessorLight.process(AbstractProcessorLight.java:65)
		at org.apache.coyote.AbstractProtocol$ConnectionHandler.process(AbstractProtocol.java:831)
		at org.apache.tomcat.util.net.NioEndpoint$SocketProcessor.doRun(NioEndpoint.java:1673)
		at org.apache.tomcat.util.net.SocketProcessorBase.run(SocketProcessorBase.java:49)
		at org.apache.tomcat.util.threads.ThreadPoolExecutor.runWorker(ThreadPoolExecutor.java:1191)
		at org.apache.tomcat.util.threads.ThreadPoolExecutor$Worker.run(ThreadPoolExecutor.java:659)
		at org.apache.tomcat.util.threads.TaskThread$WrappingRunnable.run(TaskThread.java:61)
		at java.lang.Thread.run(Unknown Source)
21-Jan-2022 15:33:54.965 嚴重 [http-nio-8080-exec-3] org.apache.catalina.core.StandardWrapperValve.invoke Servlet.service() for servlet [jsp] in context with path [] threw exception [An exception occurred processing [/test1/line.jsp] at line [115]

112:         <td><%=rs.getString(2)%></td>
113:         <td><%=rs.getString(3)%></td>
114:          <td><%=rs.getString(4)%></td>
115:          <td><%=rs.getString(5)%></td>
116:         
117:  
118:     </tr>


Stacktrace:] with root cause
	java.sql.SQLException: 不正確的資料欄索引
		at oracle.jdbc.driver.DatabaseError.throwSqlException(DatabaseError.java:111)
		at oracle.jdbc.driver.DatabaseError.throwSqlException(DatabaseError.java:145)
		at oracle.jdbc.driver.DatabaseError.throwSqlException(DatabaseError.java:207)
		at oracle.jdbc.driver.OracleResultSetImpl.getString(OracleResultSetImpl.java:378)
		at org.apache.jsp.test1.line_jsp._jspService(line_jsp.java:237)
		at org.apache.jasper.runtime.HttpJspBase.service(HttpJspBase.java:70)
		at javax.servlet.http.HttpServlet.service(HttpServlet.java:764)
		at org.apache.jasper.servlet.JspServletWrapper.service(JspServletWrapper.java:465)
		at org.apache.jasper.servlet.JspServlet.serviceJspFile(JspServlet.java:383)
		at org.apache.jasper.servlet.JspServlet.service(JspServlet.java:331)
		at javax.servlet.http.HttpServlet.service(HttpServlet.java:764)
		at org.apache.catalina.core.ApplicationFilterChain.internalDoFilter(ApplicationFilterChain.java:231)
		at org.apache.catalina.core.ApplicationFilterChain.doFilter(ApplicationFilterChain.java:166)
		at org.apache.tomcat.websocket.server.WsFilter.doFilter(WsFilter.java:52)
		at org.apache.catalina.core.ApplicationFilterChain.internalDoFilter(ApplicationFilterChain.java:193)
		at org.apache.catalina.core.ApplicationFilterChain.doFilter(ApplicationFilterChain.java:166)
		at org.apache.catalina.core.StandardWrapperValve.invoke(StandardWrapperValve.java:196)
		at org.apache.catalina.core.StandardContextValve.invoke(StandardContextValve.java:97)
		at org.apache.catalina.authenticator.AuthenticatorBase.invoke(AuthenticatorBase.java:542)
		at org.apache.catalina.core.StandardHostValve.invoke(StandardHostValve.java:135)
		at org.apache.catalina.valves.ErrorReportValve.invoke(ErrorReportValve.java:81)
		at org.apache.catalina.valves.AbstractAccessLogValve.invoke(AbstractAccessLogValve.java:698)
		at org.apache.catalina.core.StandardEngineValve.invoke(StandardEngineValve.java:78)
		at org.apache.catalina.connector.CoyoteAdapter.service(CoyoteAdapter.java:364)
		at org.apache.coyote.http11.Http11Processor.service(Http11Processor.java:624)
		at org.apache.coyote.AbstractProcessorLight.process(AbstractProcessorLight.java:65)
		at org.apache.coyote.AbstractProtocol$ConnectionHandler.process(AbstractProtocol.java:831)
		at org.apache.tomcat.util.net.NioEndpoint$SocketProcessor.doRun(NioEndpoint.java:1673)
		at org.apache.tomcat.util.net.SocketProcessorBase.run(SocketProcessorBase.java:49)
		at org.apache.tomcat.util.threads.ThreadPoolExecutor.runWorker(ThreadPoolExecutor.java:1191)
		at org.apache.tomcat.util.threads.ThreadPoolExecutor$Worker.run(ThreadPoolExecutor.java:659)
		at org.apache.tomcat.util.threads.TaskThread$WrappingRunnable.run(TaskThread.java:61)
		at java.lang.Thread.run(Unknown Source)
21-Jan-2022 15:49:54.777 嚴重 [http-nio-8080-exec-9] org.apache.catalina.core.StandardWrapperValve.invoke Servlet.service() for servlet [jsp] in context with path [] threw exception [Unable to compile class for JSP: 

An error occurred at line: [46] in the jsp file: [/test1/index.jsp]
arrayJigyou.length cannot be resolved to a type
43:   String strBu = "2";
44:   String selected = "";
45:   
46:   for(int a=0;a<arrayJigyou.length;a++){
47:   
48:   if(strBu.equals(arraybu1[a][0])){
49:       selected = "selected";


Stacktrace:] with root cause
	org.apache.jasper.JasperException: Unable to compile class for JSP: 

An error occurred at line: [46] in the jsp file: [/test1/index.jsp]
arrayJigyou.length cannot be resolved to a type
43:   String strBu = "2";
44:   String selected = "";
45:   
46:   for(int a=0;a<arrayJigyou.length;a++){
47:   
48:   if(strBu.equals(arraybu1[a][0])){
49:       selected = "selected";


Stacktrace:
		at org.apache.jasper.compiler.DefaultErrorHandler.javacError(DefaultErrorHandler.java:101)
		at org.apache.jasper.compiler.ErrorDispatcher.javacError(ErrorDispatcher.java:213)
		at org.apache.jasper.compiler.JDTCompiler.generateClass(JDTCompiler.java:556)
		at org.apache.jasper.compiler.Compiler.compile(Compiler.java:380)
		at org.apache.jasper.compiler.Compiler.compile(Compiler.java:350)
		at org.apache.jasper.compiler.Compiler.compile(Compiler.java:334)
		at org.apache.jasper.JspCompilationContext.compile(JspCompilationContext.java:597)
		at org.apache.jasper.servlet.JspServletWrapper.service(JspServletWrapper.java:398)
		at org.apache.jasper.servlet.JspServlet.serviceJspFile(JspServlet.java:383)
		at org.apache.jasper.servlet.JspServlet.service(JspServlet.java:331)
		at javax.servlet.http.HttpServlet.service(HttpServlet.java:764)
		at org.apache.catalina.core.ApplicationFilterChain.internalDoFilter(ApplicationFilterChain.java:231)
		at org.apache.catalina.core.ApplicationFilterChain.doFilter(ApplicationFilterChain.java:166)
		at org.apache.tomcat.websocket.server.WsFilter.doFilter(WsFilter.java:52)
		at org.apache.catalina.core.ApplicationFilterChain.internalDoFilter(ApplicationFilterChain.java:193)
		at org.apache.catalina.core.ApplicationFilterChain.doFilter(ApplicationFilterChain.java:166)
		at org.apache.catalina.core.StandardWrapperValve.invoke(StandardWrapperValve.java:196)
		at org.apache.catalina.core.StandardContextValve.invoke(StandardContextValve.java:97)
		at org.apache.catalina.authenticator.AuthenticatorBase.invoke(AuthenticatorBase.java:542)
		at org.apache.catalina.core.StandardHostValve.invoke(StandardHostValve.java:135)
		at org.apache.catalina.valves.ErrorReportValve.invoke(ErrorReportValve.java:81)
		at org.apache.catalina.valves.AbstractAccessLogValve.invoke(AbstractAccessLogValve.java:698)
		at org.apache.catalina.core.StandardEngineValve.invoke(StandardEngineValve.java:78)
		at org.apache.catalina.connector.CoyoteAdapter.service(CoyoteAdapter.java:364)
		at org.apache.coyote.http11.Http11Processor.service(Http11Processor.java:624)
		at org.apache.coyote.AbstractProcessorLight.process(AbstractProcessorLight.java:65)
		at org.apache.coyote.AbstractProtocol$ConnectionHandler.process(AbstractProtocol.java:831)
		at org.apache.tomcat.util.net.NioEndpoint$SocketProcessor.doRun(NioEndpoint.java:1673)
		at org.apache.tomcat.util.net.SocketProcessorBase.run(SocketProcessorBase.java:49)
		at org.apache.tomcat.util.threads.ThreadPoolExecutor.runWorker(ThreadPoolExecutor.java:1191)
		at org.apache.tomcat.util.threads.ThreadPoolExecutor$Worker.run(ThreadPoolExecutor.java:659)
		at org.apache.tomcat.util.threads.TaskThread$WrappingRunnable.run(TaskThread.java:61)
		at java.lang.Thread.run(Unknown Source)
21-Jan-2022 17:03:54.338 嚴重 [http-nio-8080-exec-8] org.apache.catalina.core.StandardWrapperValve.invoke Servlet.service() for servlet [jsp] in context with path [] threw exception [An exception occurred processing [/test1/time.jsp] at line [122]

119:  
120:     <tr>
121:        <td>Yield</td>
122:      int m=<%=rs.getString(3)%>;
123:          int n=<%=rs.getString(4)%>;
124:          int c=m/n;
125:        <td>c</td>


Stacktrace:] with root cause
	java.sql.SQLException: 不正確的資料欄索引
		at oracle.jdbc.driver.DatabaseError.throwSqlException(DatabaseError.java:111)
		at oracle.jdbc.driver.DatabaseError.throwSqlException(DatabaseError.java:145)
		at oracle.jdbc.driver.DatabaseError.throwSqlException(DatabaseError.java:207)
		at oracle.jdbc.driver.OracleResultSetImpl.getString(OracleResultSetImpl.java:378)
		at org.apache.jsp.test1.time_jsp._jspService(time_jsp.java:246)
		at org.apache.jasper.runtime.HttpJspBase.service(HttpJspBase.java:70)
		at javax.servlet.http.HttpServlet.service(HttpServlet.java:764)
		at org.apache.jasper.servlet.JspServletWrapper.service(JspServletWrapper.java:465)
		at org.apache.jasper.servlet.JspServlet.serviceJspFile(JspServlet.java:383)
		at org.apache.jasper.servlet.JspServlet.service(JspServlet.java:331)
		at javax.servlet.http.HttpServlet.service(HttpServlet.java:764)
		at org.apache.catalina.core.ApplicationFilterChain.internalDoFilter(ApplicationFilterChain.java:231)
		at org.apache.catalina.core.ApplicationFilterChain.doFilter(ApplicationFilterChain.java:166)
		at org.apache.tomcat.websocket.server.WsFilter.doFilter(WsFilter.java:52)
		at org.apache.catalina.core.ApplicationFilterChain.internalDoFilter(ApplicationFilterChain.java:193)
		at org.apache.catalina.core.ApplicationFilterChain.doFilter(ApplicationFilterChain.java:166)
		at org.apache.catalina.core.StandardWrapperValve.invoke(StandardWrapperValve.java:196)
		at org.apache.catalina.core.StandardContextValve.invoke(StandardContextValve.java:97)
		at org.apache.catalina.authenticator.AuthenticatorBase.invoke(AuthenticatorBase.java:542)
		at org.apache.catalina.core.StandardHostValve.invoke(StandardHostValve.java:135)
		at org.apache.catalina.valves.ErrorReportValve.invoke(ErrorReportValve.java:81)
		at org.apache.catalina.valves.AbstractAccessLogValve.invoke(AbstractAccessLogValve.java:698)
		at org.apache.catalina.core.StandardEngineValve.invoke(StandardEngineValve.java:78)
		at org.apache.catalina.connector.CoyoteAdapter.service(CoyoteAdapter.java:364)
		at org.apache.coyote.http11.Http11Processor.service(Http11Processor.java:624)
		at org.apache.coyote.AbstractProcessorLight.process(AbstractProcessorLight.java:65)
		at org.apache.coyote.AbstractProtocol$ConnectionHandler.process(AbstractProtocol.java:831)
		at org.apache.tomcat.util.net.NioEndpoint$SocketProcessor.doRun(NioEndpoint.java:1673)
		at org.apache.tomcat.util.net.SocketProcessorBase.run(SocketProcessorBase.java:49)
		at org.apache.tomcat.util.threads.ThreadPoolExecutor.runWorker(ThreadPoolExecutor.java:1191)
		at org.apache.tomcat.util.threads.ThreadPoolExecutor$Worker.run(ThreadPoolExecutor.java:659)
		at org.apache.tomcat.util.threads.TaskThread$WrappingRunnable.run(TaskThread.java:61)
		at java.lang.Thread.run(Unknown Source)
21-Jan-2022 20:19:13.776 嚴重 [http-nio-8080-exec-1] org.apache.catalina.core.StandardWrapperValve.invoke Servlet.service() for servlet [jsp] in context with path [] threw exception [An exception occurred processing [/test1/line.jsp] at line [119]

116:         
117:  
118:     </tr>
119:  <td><%=rs.getString(5)%></td>
120:  
121:     <% } %>
122:  


Stacktrace:] with root cause
	java.sql.SQLException: 不正確的資料欄索引
		at oracle.jdbc.driver.DatabaseError.throwSqlException(DatabaseError.java:111)
		at oracle.jdbc.driver.DatabaseError.throwSqlException(DatabaseError.java:145)
		at oracle.jdbc.driver.DatabaseError.throwSqlException(DatabaseError.java:207)
		at oracle.jdbc.driver.OracleResultSetImpl.getString(OracleResultSetImpl.java:378)
		at org.apache.jsp.test1.line_jsp._jspService(line_jsp.java:241)
		at org.apache.jasper.runtime.HttpJspBase.service(HttpJspBase.java:70)
		at javax.servlet.http.HttpServlet.service(HttpServlet.java:764)
		at org.apache.jasper.servlet.JspServletWrapper.service(JspServletWrapper.java:465)
		at org.apache.jasper.servlet.JspServlet.serviceJspFile(JspServlet.java:383)
		at org.apache.jasper.servlet.JspServlet.service(JspServlet.java:331)
		at javax.servlet.http.HttpServlet.service(HttpServlet.java:764)
		at org.apache.catalina.core.ApplicationFilterChain.internalDoFilter(ApplicationFilterChain.java:231)
		at org.apache.catalina.core.ApplicationFilterChain.doFilter(ApplicationFilterChain.java:166)
		at org.apache.tomcat.websocket.server.WsFilter.doFilter(WsFilter.java:52)
		at org.apache.catalina.core.ApplicationFilterChain.internalDoFilter(ApplicationFilterChain.java:193)
		at org.apache.catalina.core.ApplicationFilterChain.doFilter(ApplicationFilterChain.java:166)
		at org.apache.catalina.core.StandardWrapperValve.invoke(StandardWrapperValve.java:196)
		at org.apache.catalina.core.StandardContextValve.invoke(StandardContextValve.java:97)
		at org.apache.catalina.authenticator.AuthenticatorBase.invoke(AuthenticatorBase.java:542)
		at org.apache.catalina.core.StandardHostValve.invoke(StandardHostValve.java:135)
		at org.apache.catalina.valves.ErrorReportValve.invoke(ErrorReportValve.java:81)
		at org.apache.catalina.valves.AbstractAccessLogValve.invoke(AbstractAccessLogValve.java:698)
		at org.apache.catalina.core.StandardEngineValve.invoke(StandardEngineValve.java:78)
		at org.apache.catalina.connector.CoyoteAdapter.service(CoyoteAdapter.java:364)
		at org.apache.coyote.http11.Http11Processor.service(Http11Processor.java:624)
		at org.apache.coyote.AbstractProcessorLight.process(AbstractProcessorLight.java:65)
		at org.apache.coyote.AbstractProtocol$ConnectionHandler.process(AbstractProtocol.java:831)
		at org.apache.tomcat.util.net.NioEndpoint$SocketProcessor.doRun(NioEndpoint.java:1673)
		at org.apache.tomcat.util.net.SocketProcessorBase.run(SocketProcessorBase.java:49)
		at org.apache.tomcat.util.threads.ThreadPoolExecutor.runWorker(ThreadPoolExecutor.java:1191)
		at org.apache.tomcat.util.threads.ThreadPoolExecutor$Worker.run(ThreadPoolExecutor.java:659)
		at org.apache.tomcat.util.threads.TaskThread$WrappingRunnable.run(TaskThread.java:61)
		at java.lang.Thread.run(Unknown Source)
21-Jan-2022 20:19:35.063 嚴重 [http-nio-8080-exec-6] org.apache.catalina.core.StandardWrapperValve.invoke Servlet.service() for servlet [jsp] in context with path [] threw exception [An exception occurred processing [/test1/line.jsp] at line [119]

116:         
117:  
118:     </tr>
119:  <td><%=rs.getString(5)%></td>
120:  
121:     <% } %>
122:  


Stacktrace:] with root cause
	java.sql.SQLException: 不正確的資料欄索引
		at oracle.jdbc.driver.DatabaseError.throwSqlException(DatabaseError.java:111)
		at oracle.jdbc.driver.DatabaseError.throwSqlException(DatabaseError.java:145)
		at oracle.jdbc.driver.DatabaseError.throwSqlException(DatabaseError.java:207)
		at oracle.jdbc.driver.OracleResultSetImpl.getString(OracleResultSetImpl.java:378)
		at org.apache.jsp.test1.line_jsp._jspService(line_jsp.java:241)
		at org.apache.jasper.runtime.HttpJspBase.service(HttpJspBase.java:70)
		at javax.servlet.http.HttpServlet.service(HttpServlet.java:764)
		at org.apache.jasper.servlet.JspServletWrapper.service(JspServletWrapper.java:465)
		at org.apache.jasper.servlet.JspServlet.serviceJspFile(JspServlet.java:383)
		at org.apache.jasper.servlet.JspServlet.service(JspServlet.java:331)
		at javax.servlet.http.HttpServlet.service(HttpServlet.java:764)
		at org.apache.catalina.core.ApplicationFilterChain.internalDoFilter(ApplicationFilterChain.java:231)
		at org.apache.catalina.core.ApplicationFilterChain.doFilter(ApplicationFilterChain.java:166)
		at org.apache.tomcat.websocket.server.WsFilter.doFilter(WsFilter.java:52)
		at org.apache.catalina.core.ApplicationFilterChain.internalDoFilter(ApplicationFilterChain.java:193)
		at org.apache.catalina.core.ApplicationFilterChain.doFilter(ApplicationFilterChain.java:166)
		at org.apache.catalina.core.StandardWrapperValve.invoke(StandardWrapperValve.java:196)
		at org.apache.catalina.core.StandardContextValve.invoke(StandardContextValve.java:97)
		at org.apache.catalina.authenticator.AuthenticatorBase.invoke(AuthenticatorBase.java:542)
		at org.apache.catalina.core.StandardHostValve.invoke(StandardHostValve.java:135)
		at org.apache.catalina.valves.ErrorReportValve.invoke(ErrorReportValve.java:81)
		at org.apache.catalina.valves.AbstractAccessLogValve.invoke(AbstractAccessLogValve.java:698)
		at org.apache.catalina.core.StandardEngineValve.invoke(StandardEngineValve.java:78)
		at org.apache.catalina.connector.CoyoteAdapter.service(CoyoteAdapter.java:364)
		at org.apache.coyote.http11.Http11Processor.service(Http11Processor.java:624)
		at org.apache.coyote.AbstractProcessorLight.process(AbstractProcessorLight.java:65)
		at org.apache.coyote.AbstractProtocol$ConnectionHandler.process(AbstractProtocol.java:831)
		at org.apache.tomcat.util.net.NioEndpoint$SocketProcessor.doRun(NioEndpoint.java:1673)
		at org.apache.tomcat.util.net.SocketProcessorBase.run(SocketProcessorBase.java:49)
		at org.apache.tomcat.util.threads.ThreadPoolExecutor.runWorker(ThreadPoolExecutor.java:1191)
		at org.apache.tomcat.util.threads.ThreadPoolExecutor$Worker.run(ThreadPoolExecutor.java:659)
		at org.apache.tomcat.util.threads.TaskThread$WrappingRunnable.run(TaskThread.java:61)
		at java.lang.Thread.run(Unknown Source)
21-Jan-2022 20:20:46.541 嚴重 [http-nio-8080-exec-2] org.apache.catalina.core.StandardWrapperValve.invoke Servlet.service() for servlet [jsp] in context with path [] threw exception [An exception occurred processing [/test1/line.jsp] at line [114]

111:         <td><%=rs.getString(1)%></td>
112:         <td><%=rs.getString(2)%></td>
113:         <td><%=rs.getString(3)%></td>
114:          <td><%=rs.getString(4)%></td>
115:          
116:         
117:  


Stacktrace:] with root cause
	java.sql.SQLException: 不正確的資料欄索引
		at oracle.jdbc.driver.DatabaseError.throwSqlException(DatabaseError.java:111)
		at oracle.jdbc.driver.DatabaseError.throwSqlException(DatabaseError.java:145)
		at oracle.jdbc.driver.DatabaseError.throwSqlException(DatabaseError.java:207)
		at oracle.jdbc.driver.OracleResultSetImpl.getString(OracleResultSetImpl.java:378)
		at org.apache.jsp.test1.line_jsp._jspService(line_jsp.java:234)
		at org.apache.jasper.runtime.HttpJspBase.service(HttpJspBase.java:70)
		at javax.servlet.http.HttpServlet.service(HttpServlet.java:764)
		at org.apache.jasper.servlet.JspServletWrapper.service(JspServletWrapper.java:465)
		at org.apache.jasper.servlet.JspServlet.serviceJspFile(JspServlet.java:383)
		at org.apache.jasper.servlet.JspServlet.service(JspServlet.java:331)
		at javax.servlet.http.HttpServlet.service(HttpServlet.java:764)
		at org.apache.catalina.core.ApplicationFilterChain.internalDoFilter(ApplicationFilterChain.java:231)
		at org.apache.catalina.core.ApplicationFilterChain.doFilter(ApplicationFilterChain.java:166)
		at org.apache.tomcat.websocket.server.WsFilter.doFilter(WsFilter.java:52)
		at org.apache.catalina.core.ApplicationFilterChain.internalDoFilter(ApplicationFilterChain.java:193)
		at org.apache.catalina.core.ApplicationFilterChain.doFilter(ApplicationFilterChain.java:166)
		at org.apache.catalina.core.StandardWrapperValve.invoke(StandardWrapperValve.java:196)
		at org.apache.catalina.core.StandardContextValve.invoke(StandardContextValve.java:97)
		at org.apache.catalina.authenticator.AuthenticatorBase.invoke(AuthenticatorBase.java:542)
		at org.apache.catalina.core.StandardHostValve.invoke(StandardHostValve.java:135)
		at org.apache.catalina.valves.ErrorReportValve.invoke(ErrorReportValve.java:81)
		at org.apache.catalina.valves.AbstractAccessLogValve.invoke(AbstractAccessLogValve.java:698)
		at org.apache.catalina.core.StandardEngineValve.invoke(StandardEngineValve.java:78)
		at org.apache.catalina.connector.CoyoteAdapter.service(CoyoteAdapter.java:364)
		at org.apache.coyote.http11.Http11Processor.service(Http11Processor.java:624)
		at org.apache.coyote.AbstractProcessorLight.process(AbstractProcessorLight.java:65)
		at org.apache.coyote.AbstractProtocol$ConnectionHandler.process(AbstractProtocol.java:831)
		at org.apache.tomcat.util.net.NioEndpoint$SocketProcessor.doRun(NioEndpoint.java:1673)
		at org.apache.tomcat.util.net.SocketProcessorBase.run(SocketProcessorBase.java:49)
		at org.apache.tomcat.util.threads.ThreadPoolExecutor.runWorker(ThreadPoolExecutor.java:1191)
		at org.apache.tomcat.util.threads.ThreadPoolExecutor$Worker.run(ThreadPoolExecutor.java:659)
		at org.apache.tomcat.util.threads.TaskThread$WrappingRunnable.run(TaskThread.java:61)
		at java.lang.Thread.run(Unknown Source)
21-Jan-2022 20:30:32.616 嚴重 [http-nio-8080-exec-6] org.apache.catalina.core.StandardWrapperValve.invoke Servlet.service() for servlet [jsp] in context with path [] threw exception [An exception occurred processing [/test1/line.jsp] at line [90]

87: 
88: 
89: ResultSet rs=stmt.executeQuery("SELECT PROCESS_NAME,SUM(PASS_QTY+REPASS_QTY)as good,sum(REFAIL_QTY +FAIL_QTY) as Fail,sum(PASS_QTY+REPASS_QTY+REFAIL_QTY +FAIL_QTY)as Totalinput from(select * from sajet.G_SN_COUNT a LEFT join sajet.SYS_PROCESS b  on a.process_id = b.process_id LEFT join sajet.SYS_PDLINE b  on a.PDLINE_ID = b.PDLINE_ID WHERE (PDLINE_NAME='"+name+"'AND a.WORK_DATE ='"+time+"')) GROUP BY PROCESS_NAME ");
90: ResultSet rs1=stmt.executeQuery("select CONCAT(round(SUM(PASS_QTY+REPASS_QTY)/(sum(PASS_QTY+REPASS_QTY+REFAIL_QTY +FAIL_QTY))*100,3),'%')as Yield from sajet.g_sn_count WHERE (PDLINE_NAME='"+name+"'AND a.WORK_DATE ='"+time+"')");
91: %>
92: <figure class="highcharts-figure">
93:     <div id="container"></div>


Stacktrace:] with root cause
	java.sql.SQLException: ORA-00904: "A"."WORK_DATE": 無效的 ID

		at oracle.jdbc.driver.DatabaseError.throwSqlException(DatabaseError.java:111)
		at oracle.jdbc.driver.T4CTTIoer.processError(T4CTTIoer.java:330)
		at oracle.jdbc.driver.T4CTTIoer.processError(T4CTTIoer.java:287)
		at oracle.jdbc.driver.T4C8Oall.receive(T4C8Oall.java:742)
		at oracle.jdbc.driver.T4CStatement.doOall8(T4CStatement.java:206)
		at oracle.jdbc.driver.T4CStatement.executeForDescribe(T4CStatement.java:789)
		at oracle.jdbc.driver.OracleStatement.executeMaybeDescribe(OracleStatement.java:1030)
		at oracle.jdbc.driver.T4CStatement.executeMaybeDescribe(T4CStatement.java:829)
		at oracle.jdbc.driver.OracleStatement.doExecuteWithTimeout(OracleStatement.java:1123)
		at oracle.jdbc.driver.OracleStatement.executeQuery(OracleStatement.java:1263)
		at org.apache.jsp.test1.line_jsp._jspService(line_jsp.java:200)
		at org.apache.jasper.runtime.HttpJspBase.service(HttpJspBase.java:70)
		at javax.servlet.http.HttpServlet.service(HttpServlet.java:764)
		at org.apache.jasper.servlet.JspServletWrapper.service(JspServletWrapper.java:465)
		at org.apache.jasper.servlet.JspServlet.serviceJspFile(JspServlet.java:383)
		at org.apache.jasper.servlet.JspServlet.service(JspServlet.java:331)
		at javax.servlet.http.HttpServlet.service(HttpServlet.java:764)
		at org.apache.catalina.core.ApplicationFilterChain.internalDoFilter(ApplicationFilterChain.java:231)
		at org.apache.catalina.core.ApplicationFilterChain.doFilter(ApplicationFilterChain.java:166)
		at org.apache.tomcat.websocket.server.WsFilter.doFilter(WsFilter.java:52)
		at org.apache.catalina.core.ApplicationFilterChain.internalDoFilter(ApplicationFilterChain.java:193)
		at org.apache.catalina.core.ApplicationFilterChain.doFilter(ApplicationFilterChain.java:166)
		at org.apache.catalina.core.StandardWrapperValve.invoke(StandardWrapperValve.java:196)
		at org.apache.catalina.core.StandardContextValve.invoke(StandardContextValve.java:97)
		at org.apache.catalina.authenticator.AuthenticatorBase.invoke(AuthenticatorBase.java:542)
		at org.apache.catalina.core.StandardHostValve.invoke(StandardHostValve.java:135)
		at org.apache.catalina.valves.ErrorReportValve.invoke(ErrorReportValve.java:81)
		at org.apache.catalina.valves.AbstractAccessLogValve.invoke(AbstractAccessLogValve.java:698)
		at org.apache.catalina.core.StandardEngineValve.invoke(StandardEngineValve.java:78)
		at org.apache.catalina.connector.CoyoteAdapter.service(CoyoteAdapter.java:364)
		at org.apache.coyote.http11.Http11Processor.service(Http11Processor.java:624)
		at org.apache.coyote.AbstractProcessorLight.process(AbstractProcessorLight.java:65)
		at org.apache.coyote.AbstractProtocol$ConnectionHandler.process(AbstractProtocol.java:831)
		at org.apache.tomcat.util.net.NioEndpoint$SocketProcessor.doRun(NioEndpoint.java:1673)
		at org.apache.tomcat.util.net.SocketProcessorBase.run(SocketProcessorBase.java:49)
		at org.apache.tomcat.util.threads.ThreadPoolExecutor.runWorker(ThreadPoolExecutor.java:1191)
		at org.apache.tomcat.util.threads.ThreadPoolExecutor$Worker.run(ThreadPoolExecutor.java:659)
		at org.apache.tomcat.util.threads.TaskThread$WrappingRunnable.run(TaskThread.java:61)
		at java.lang.Thread.run(Unknown Source)
21-Jan-2022 20:33:35.015 嚴重 [http-nio-8080-exec-9] org.apache.catalina.core.StandardWrapperValve.invoke Servlet.service() for servlet [jsp] in context with path [] threw exception [An exception occurred processing [/test1/line.jsp] at line [90]

87: 
88: 
89: ResultSet rs=stmt.executeQuery("SELECT PROCESS_NAME,SUM(PASS_QTY+REPASS_QTY)as good,sum(REFAIL_QTY +FAIL_QTY) as Fail,sum(PASS_QTY+REPASS_QTY+REFAIL_QTY +FAIL_QTY)as Totalinput from(select * from sajet.G_SN_COUNT a LEFT join sajet.SYS_PROCESS b  on a.process_id = b.process_id LEFT join sajet.SYS_PDLINE b  on a.PDLINE_ID = b.PDLINE_ID WHERE (PDLINE_NAME='"+name+"'AND a.WORK_DATE ='"+time+"')) GROUP BY PROCESS_NAME ");
90: ResultSet rs1=stmt.executeQuery("select CONCAT(round(SUM(PASS_QTY+REPASS_QTY)/(sum(PASS_QTY+REPASS_QTY+REFAIL_QTY +FAIL_QTY))*100,3),'%')as Yield from sajet.g_sn_count WHERE (PDLINE_NAME='"+name+"'AND a.WORK_DATE ='"+time+"')");
91: %>
92: <figure class="highcharts-figure">
93:     <div id="container"></div>


Stacktrace:] with root cause
	java.sql.SQLException: ORA-00904: "A"."WORK_DATE": 無效的 ID

		at oracle.jdbc.driver.DatabaseError.throwSqlException(DatabaseError.java:111)
		at oracle.jdbc.driver.T4CTTIoer.processError(T4CTTIoer.java:330)
		at oracle.jdbc.driver.T4CTTIoer.processError(T4CTTIoer.java:287)
		at oracle.jdbc.driver.T4C8Oall.receive(T4C8Oall.java:742)
		at oracle.jdbc.driver.T4CStatement.doOall8(T4CStatement.java:206)
		at oracle.jdbc.driver.T4CStatement.executeForDescribe(T4CStatement.java:789)
		at oracle.jdbc.driver.OracleStatement.executeMaybeDescribe(OracleStatement.java:1030)
		at oracle.jdbc.driver.T4CStatement.executeMaybeDescribe(T4CStatement.java:829)
		at oracle.jdbc.driver.OracleStatement.doExecuteWithTimeout(OracleStatement.java:1123)
		at oracle.jdbc.driver.OracleStatement.executeQuery(OracleStatement.java:1263)
		at org.apache.jsp.test1.line_jsp._jspService(line_jsp.java:200)
		at org.apache.jasper.runtime.HttpJspBase.service(HttpJspBase.java:70)
		at javax.servlet.http.HttpServlet.service(HttpServlet.java:764)
		at org.apache.jasper.servlet.JspServletWrapper.service(JspServletWrapper.java:465)
		at org.apache.jasper.servlet.JspServlet.serviceJspFile(JspServlet.java:383)
		at org.apache.jasper.servlet.JspServlet.service(JspServlet.java:331)
		at javax.servlet.http.HttpServlet.service(HttpServlet.java:764)
		at org.apache.catalina.core.ApplicationFilterChain.internalDoFilter(ApplicationFilterChain.java:231)
		at org.apache.catalina.core.ApplicationFilterChain.doFilter(ApplicationFilterChain.java:166)
		at org.apache.tomcat.websocket.server.WsFilter.doFilter(WsFilter.java:52)
		at org.apache.catalina.core.ApplicationFilterChain.internalDoFilter(ApplicationFilterChain.java:193)
		at org.apache.catalina.core.ApplicationFilterChain.doFilter(ApplicationFilterChain.java:166)
		at org.apache.catalina.core.StandardWrapperValve.invoke(StandardWrapperValve.java:196)
		at org.apache.catalina.core.StandardContextValve.invoke(StandardContextValve.java:97)
		at org.apache.catalina.authenticator.AuthenticatorBase.invoke(AuthenticatorBase.java:542)
		at org.apache.catalina.core.StandardHostValve.invoke(StandardHostValve.java:135)
		at org.apache.catalina.valves.ErrorReportValve.invoke(ErrorReportValve.java:81)
		at org.apache.catalina.valves.AbstractAccessLogValve.invoke(AbstractAccessLogValve.java:698)
		at org.apache.catalina.core.StandardEngineValve.invoke(StandardEngineValve.java:78)
		at org.apache.catalina.connector.CoyoteAdapter.service(CoyoteAdapter.java:364)
		at org.apache.coyote.http11.Http11Processor.service(Http11Processor.java:624)
		at org.apache.coyote.AbstractProcessorLight.process(AbstractProcessorLight.java:65)
		at org.apache.coyote.AbstractProtocol$ConnectionHandler.process(AbstractProtocol.java:831)
		at org.apache.tomcat.util.net.NioEndpoint$SocketProcessor.doRun(NioEndpoint.java:1673)
		at org.apache.tomcat.util.net.SocketProcessorBase.run(SocketProcessorBase.java:49)
		at org.apache.tomcat.util.threads.ThreadPoolExecutor.runWorker(ThreadPoolExecutor.java:1191)
		at org.apache.tomcat.util.threads.ThreadPoolExecutor$Worker.run(ThreadPoolExecutor.java:659)
		at org.apache.tomcat.util.threads.TaskThread$WrappingRunnable.run(TaskThread.java:61)
		at java.lang.Thread.run(Unknown Source)
21-Jan-2022 20:33:38.668 嚴重 [http-nio-8080-exec-2] org.apache.catalina.core.StandardWrapperValve.invoke Servlet.service() for servlet [jsp] in context with path [] threw exception [An exception occurred processing [/test1/line.jsp] at line [90]

87: 
88: 
89: ResultSet rs=stmt.executeQuery("SELECT PROCESS_NAME,SUM(PASS_QTY+REPASS_QTY)as good,sum(REFAIL_QTY +FAIL_QTY) as Fail,sum(PASS_QTY+REPASS_QTY+REFAIL_QTY +FAIL_QTY)as Totalinput from(select * from sajet.G_SN_COUNT a LEFT join sajet.SYS_PROCESS b  on a.process_id = b.process_id LEFT join sajet.SYS_PDLINE b  on a.PDLINE_ID = b.PDLINE_ID WHERE (PDLINE_NAME='"+name+"'AND a.WORK_DATE ='"+time+"')) GROUP BY PROCESS_NAME ");
90: ResultSet rs1=stmt.executeQuery("select CONCAT(round(SUM(PASS_QTY+REPASS_QTY)/(sum(PASS_QTY+REPASS_QTY+REFAIL_QTY +FAIL_QTY))*100,3),'%')as Yield from sajet.g_sn_count WHERE (PDLINE_NAME='"+name+"'AND a.WORK_DATE ='"+time+"')");
91: %>
92: <figure class="highcharts-figure">
93:     <div id="container"></div>


Stacktrace:] with root cause
	java.sql.SQLException: ORA-00904: "A"."WORK_DATE": 無效的 ID

		at oracle.jdbc.driver.DatabaseError.throwSqlException(DatabaseError.java:111)
		at oracle.jdbc.driver.T4CTTIoer.processError(T4CTTIoer.java:330)
		at oracle.jdbc.driver.T4CTTIoer.processError(T4CTTIoer.java:287)
		at oracle.jdbc.driver.T4C8Oall.receive(T4C8Oall.java:742)
		at oracle.jdbc.driver.T4CStatement.doOall8(T4CStatement.java:206)
		at oracle.jdbc.driver.T4CStatement.executeForDescribe(T4CStatement.java:789)
		at oracle.jdbc.driver.OracleStatement.executeMaybeDescribe(OracleStatement.java:1030)
		at oracle.jdbc.driver.T4CStatement.executeMaybeDescribe(T4CStatement.java:829)
		at oracle.jdbc.driver.OracleStatement.doExecuteWithTimeout(OracleStatement.java:1123)
		at oracle.jdbc.driver.OracleStatement.executeQuery(OracleStatement.java:1263)
		at org.apache.jsp.test1.line_jsp._jspService(line_jsp.java:200)
		at org.apache.jasper.runtime.HttpJspBase.service(HttpJspBase.java:70)
		at javax.servlet.http.HttpServlet.service(HttpServlet.java:764)
		at org.apache.jasper.servlet.JspServletWrapper.service(JspServletWrapper.java:465)
		at org.apache.jasper.servlet.JspServlet.serviceJspFile(JspServlet.java:383)
		at org.apache.jasper.servlet.JspServlet.service(JspServlet.java:331)
		at javax.servlet.http.HttpServlet.service(HttpServlet.java:764)
		at org.apache.catalina.core.ApplicationFilterChain.internalDoFilter(ApplicationFilterChain.java:231)
		at org.apache.catalina.core.ApplicationFilterChain.doFilter(ApplicationFilterChain.java:166)
		at org.apache.tomcat.websocket.server.WsFilter.doFilter(WsFilter.java:52)
		at org.apache.catalina.core.ApplicationFilterChain.internalDoFilter(ApplicationFilterChain.java:193)
		at org.apache.catalina.core.ApplicationFilterChain.doFilter(ApplicationFilterChain.java:166)
		at org.apache.catalina.core.StandardWrapperValve.invoke(StandardWrapperValve.java:196)
		at org.apache.catalina.core.StandardContextValve.invoke(StandardContextValve.java:97)
		at org.apache.catalina.authenticator.AuthenticatorBase.invoke(AuthenticatorBase.java:542)
		at org.apache.catalina.core.StandardHostValve.invoke(StandardHostValve.java:135)
		at org.apache.catalina.valves.ErrorReportValve.invoke(ErrorReportValve.java:81)
		at org.apache.catalina.valves.AbstractAccessLogValve.invoke(AbstractAccessLogValve.java:698)
		at org.apache.catalina.core.StandardEngineValve.invoke(StandardEngineValve.java:78)
		at org.apache.catalina.connector.CoyoteAdapter.service(CoyoteAdapter.java:364)
		at org.apache.coyote.http11.Http11Processor.service(Http11Processor.java:624)
		at org.apache.coyote.AbstractProcessorLight.process(AbstractProcessorLight.java:65)
		at org.apache.coyote.AbstractProtocol$ConnectionHandler.process(AbstractProtocol.java:831)
		at org.apache.tomcat.util.net.NioEndpoint$SocketProcessor.doRun(NioEndpoint.java:1673)
		at org.apache.tomcat.util.net.SocketProcessorBase.run(SocketProcessorBase.java:49)
		at org.apache.tomcat.util.threads.ThreadPoolExecutor.runWorker(ThreadPoolExecutor.java:1191)
		at org.apache.tomcat.util.threads.ThreadPoolExecutor$Worker.run(ThreadPoolExecutor.java:659)
		at org.apache.tomcat.util.threads.TaskThread$WrappingRunnable.run(TaskThread.java:61)
		at java.lang.Thread.run(Unknown Source)
21-Jan-2022 20:33:40.358 嚴重 [http-nio-8080-exec-8] org.apache.catalina.core.StandardWrapperValve.invoke Servlet.service() for servlet [jsp] in context with path [] threw exception [An exception occurred processing [/test1/line.jsp] at line [90]

87: 
88: 
89: ResultSet rs=stmt.executeQuery("SELECT PROCESS_NAME,SUM(PASS_QTY+REPASS_QTY)as good,sum(REFAIL_QTY +FAIL_QTY) as Fail,sum(PASS_QTY+REPASS_QTY+REFAIL_QTY +FAIL_QTY)as Totalinput from(select * from sajet.G_SN_COUNT a LEFT join sajet.SYS_PROCESS b  on a.process_id = b.process_id LEFT join sajet.SYS_PDLINE b  on a.PDLINE_ID = b.PDLINE_ID WHERE (PDLINE_NAME='"+name+"'AND a.WORK_DATE ='"+time+"')) GROUP BY PROCESS_NAME ");
90: ResultSet rs1=stmt.executeQuery("select CONCAT(round(SUM(PASS_QTY+REPASS_QTY)/(sum(PASS_QTY+REPASS_QTY+REFAIL_QTY +FAIL_QTY))*100,3),'%')as Yield from sajet.g_sn_count WHERE (PDLINE_NAME='"+name+"'AND a.WORK_DATE ='"+time+"')");
91: %>
92: <figure class="highcharts-figure">
93:     <div id="container"></div>


Stacktrace:] with root cause
	java.sql.SQLException: ORA-00904: "A"."WORK_DATE": 無效的 ID

		at oracle.jdbc.driver.DatabaseError.throwSqlException(DatabaseError.java:111)
		at oracle.jdbc.driver.T4CTTIoer.processError(T4CTTIoer.java:330)
		at oracle.jdbc.driver.T4CTTIoer.processError(T4CTTIoer.java:287)
		at oracle.jdbc.driver.T4C8Oall.receive(T4C8Oall.java:742)
		at oracle.jdbc.driver.T4CStatement.doOall8(T4CStatement.java:206)
		at oracle.jdbc.driver.T4CStatement.executeForDescribe(T4CStatement.java:789)
		at oracle.jdbc.driver.OracleStatement.executeMaybeDescribe(OracleStatement.java:1030)
		at oracle.jdbc.driver.T4CStatement.executeMaybeDescribe(T4CStatement.java:829)
		at oracle.jdbc.driver.OracleStatement.doExecuteWithTimeout(OracleStatement.java:1123)
		at oracle.jdbc.driver.OracleStatement.executeQuery(OracleStatement.java:1263)
		at org.apache.jsp.test1.line_jsp._jspService(line_jsp.java:200)
		at org.apache.jasper.runtime.HttpJspBase.service(HttpJspBase.java:70)
		at javax.servlet.http.HttpServlet.service(HttpServlet.java:764)
		at org.apache.jasper.servlet.JspServletWrapper.service(JspServletWrapper.java:465)
		at org.apache.jasper.servlet.JspServlet.serviceJspFile(JspServlet.java:383)
		at org.apache.jasper.servlet.JspServlet.service(JspServlet.java:331)
		at javax.servlet.http.HttpServlet.service(HttpServlet.java:764)
		at org.apache.catalina.core.ApplicationFilterChain.internalDoFilter(ApplicationFilterChain.java:231)
		at org.apache.catalina.core.ApplicationFilterChain.doFilter(ApplicationFilterChain.java:166)
		at org.apache.tomcat.websocket.server.WsFilter.doFilter(WsFilter.java:52)
		at org.apache.catalina.core.ApplicationFilterChain.internalDoFilter(ApplicationFilterChain.java:193)
		at org.apache.catalina.core.ApplicationFilterChain.doFilter(ApplicationFilterChain.java:166)
		at org.apache.catalina.core.StandardWrapperValve.invoke(StandardWrapperValve.java:196)
		at org.apache.catalina.core.StandardContextValve.invoke(StandardContextValve.java:97)
		at org.apache.catalina.authenticator.AuthenticatorBase.invoke(AuthenticatorBase.java:542)
		at org.apache.catalina.core.StandardHostValve.invoke(StandardHostValve.java:135)
		at org.apache.catalina.valves.ErrorReportValve.invoke(ErrorReportValve.java:81)
		at org.apache.catalina.valves.AbstractAccessLogValve.invoke(AbstractAccessLogValve.java:698)
		at org.apache.catalina.core.StandardEngineValve.invoke(StandardEngineValve.java:78)
		at org.apache.catalina.connector.CoyoteAdapter.service(CoyoteAdapter.java:364)
		at org.apache.coyote.http11.Http11Processor.service(Http11Processor.java:624)
		at org.apache.coyote.AbstractProcessorLight.process(AbstractProcessorLight.java:65)
		at org.apache.coyote.AbstractProtocol$ConnectionHandler.process(AbstractProtocol.java:831)
		at org.apache.tomcat.util.net.NioEndpoint$SocketProcessor.doRun(NioEndpoint.java:1673)
		at org.apache.tomcat.util.net.SocketProcessorBase.run(SocketProcessorBase.java:49)
		at org.apache.tomcat.util.threads.ThreadPoolExecutor.runWorker(ThreadPoolExecutor.java:1191)
		at org.apache.tomcat.util.threads.ThreadPoolExecutor$Worker.run(ThreadPoolExecutor.java:659)
		at org.apache.tomcat.util.threads.TaskThread$WrappingRunnable.run(TaskThread.java:61)
		at java.lang.Thread.run(Unknown Source)
21-Jan-2022 20:33:41.115 嚴重 [http-nio-8080-exec-5] org.apache.catalina.core.StandardWrapperValve.invoke Servlet.service() for servlet [jsp] in context with path [] threw exception [An exception occurred processing [/test1/line.jsp] at line [90]

87: 
88: 
89: ResultSet rs=stmt.executeQuery("SELECT PROCESS_NAME,SUM(PASS_QTY+REPASS_QTY)as good,sum(REFAIL_QTY +FAIL_QTY) as Fail,sum(PASS_QTY+REPASS_QTY+REFAIL_QTY +FAIL_QTY)as Totalinput from(select * from sajet.G_SN_COUNT a LEFT join sajet.SYS_PROCESS b  on a.process_id = b.process_id LEFT join sajet.SYS_PDLINE b  on a.PDLINE_ID = b.PDLINE_ID WHERE (PDLINE_NAME='"+name+"'AND a.WORK_DATE ='"+time+"')) GROUP BY PROCESS_NAME ");
90: ResultSet rs1=stmt.executeQuery("select CONCAT(round(SUM(PASS_QTY+REPASS_QTY)/(sum(PASS_QTY+REPASS_QTY+REFAIL_QTY +FAIL_QTY))*100,3),'%')as Yield from sajet.g_sn_count WHERE (PDLINE_NAME='"+name+"'AND a.WORK_DATE ='"+time+"')");
91: %>
92: <figure class="highcharts-figure">
93:     <div id="container"></div>


Stacktrace:] with root cause
	java.sql.SQLException: ORA-00904: "A"."WORK_DATE": 無效的 ID

		at oracle.jdbc.driver.DatabaseError.throwSqlException(DatabaseError.java:111)
		at oracle.jdbc.driver.T4CTTIoer.processError(T4CTTIoer.java:330)
		at oracle.jdbc.driver.T4CTTIoer.processError(T4CTTIoer.java:287)
		at oracle.jdbc.driver.T4C8Oall.receive(T4C8Oall.java:742)
		at oracle.jdbc.driver.T4CStatement.doOall8(T4CStatement.java:206)
		at oracle.jdbc.driver.T4CStatement.executeForDescribe(T4CStatement.java:789)
		at oracle.jdbc.driver.OracleStatement.executeMaybeDescribe(OracleStatement.java:1030)
		at oracle.jdbc.driver.T4CStatement.executeMaybeDescribe(T4CStatement.java:829)
		at oracle.jdbc.driver.OracleStatement.doExecuteWithTimeout(OracleStatement.java:1123)
		at oracle.jdbc.driver.OracleStatement.executeQuery(OracleStatement.java:1263)
		at org.apache.jsp.test1.line_jsp._jspService(line_jsp.java:200)
		at org.apache.jasper.runtime.HttpJspBase.service(HttpJspBase.java:70)
		at javax.servlet.http.HttpServlet.service(HttpServlet.java:764)
		at org.apache.jasper.servlet.JspServletWrapper.service(JspServletWrapper.java:465)
		at org.apache.jasper.servlet.JspServlet.serviceJspFile(JspServlet.java:383)
		at org.apache.jasper.servlet.JspServlet.service(JspServlet.java:331)
		at javax.servlet.http.HttpServlet.service(HttpServlet.java:764)
		at org.apache.catalina.core.ApplicationFilterChain.internalDoFilter(ApplicationFilterChain.java:231)
		at org.apache.catalina.core.ApplicationFilterChain.doFilter(ApplicationFilterChain.java:166)
		at org.apache.tomcat.websocket.server.WsFilter.doFilter(WsFilter.java:52)
		at org.apache.catalina.core.ApplicationFilterChain.internalDoFilter(ApplicationFilterChain.java:193)
		at org.apache.catalina.core.ApplicationFilterChain.doFilter(ApplicationFilterChain.java:166)
		at org.apache.catalina.core.StandardWrapperValve.invoke(StandardWrapperValve.java:196)
		at org.apache.catalina.core.StandardContextValve.invoke(StandardContextValve.java:97)
		at org.apache.catalina.authenticator.AuthenticatorBase.invoke(AuthenticatorBase.java:542)
		at org.apache.catalina.core.StandardHostValve.invoke(StandardHostValve.java:135)
		at org.apache.catalina.valves.ErrorReportValve.invoke(ErrorReportValve.java:81)
		at org.apache.catalina.valves.AbstractAccessLogValve.invoke(AbstractAccessLogValve.java:698)
		at org.apache.catalina.core.StandardEngineValve.invoke(StandardEngineValve.java:78)
		at org.apache.catalina.connector.CoyoteAdapter.service(CoyoteAdapter.java:364)
		at org.apache.coyote.http11.Http11Processor.service(Http11Processor.java:624)
		at org.apache.coyote.AbstractProcessorLight.process(AbstractProcessorLight.java:65)
		at org.apache.coyote.AbstractProtocol$ConnectionHandler.process(AbstractProtocol.java:831)
		at org.apache.tomcat.util.net.NioEndpoint$SocketProcessor.doRun(NioEndpoint.java:1673)
		at org.apache.tomcat.util.net.SocketProcessorBase.run(SocketProcessorBase.java:49)
		at org.apache.tomcat.util.threads.ThreadPoolExecutor.runWorker(ThreadPoolExecutor.java:1191)
		at org.apache.tomcat.util.threads.ThreadPoolExecutor$Worker.run(ThreadPoolExecutor.java:659)
		at org.apache.tomcat.util.threads.TaskThread$WrappingRunnable.run(TaskThread.java:61)
		at java.lang.Thread.run(Unknown Source)
21-Jan-2022 20:33:41.498 嚴重 [http-nio-8080-exec-3] org.apache.catalina.core.StandardWrapperValve.invoke Servlet.service() for servlet [jsp] in context with path [] threw exception [An exception occurred processing [/test1/line.jsp] at line [90]

87: 
88: 
89: ResultSet rs=stmt.executeQuery("SELECT PROCESS_NAME,SUM(PASS_QTY+REPASS_QTY)as good,sum(REFAIL_QTY +FAIL_QTY) as Fail,sum(PASS_QTY+REPASS_QTY+REFAIL_QTY +FAIL_QTY)as Totalinput from(select * from sajet.G_SN_COUNT a LEFT join sajet.SYS_PROCESS b  on a.process_id = b.process_id LEFT join sajet.SYS_PDLINE b  on a.PDLINE_ID = b.PDLINE_ID WHERE (PDLINE_NAME='"+name+"'AND a.WORK_DATE ='"+time+"')) GROUP BY PROCESS_NAME ");
90: ResultSet rs1=stmt.executeQuery("select CONCAT(round(SUM(PASS_QTY+REPASS_QTY)/(sum(PASS_QTY+REPASS_QTY+REFAIL_QTY +FAIL_QTY))*100,3),'%')as Yield from sajet.g_sn_count WHERE (PDLINE_NAME='"+name+"'AND a.WORK_DATE ='"+time+"')");
91: %>
92: <figure class="highcharts-figure">
93:     <div id="container"></div>


Stacktrace:] with root cause
	java.sql.SQLException: ORA-00904: "A"."WORK_DATE": 無效的 ID

		at oracle.jdbc.driver.DatabaseError.throwSqlException(DatabaseError.java:111)
		at oracle.jdbc.driver.T4CTTIoer.processError(T4CTTIoer.java:330)
		at oracle.jdbc.driver.T4CTTIoer.processError(T4CTTIoer.java:287)
		at oracle.jdbc.driver.T4C8Oall.receive(T4C8Oall.java:742)
		at oracle.jdbc.driver.T4CStatement.doOall8(T4CStatement.java:206)
		at oracle.jdbc.driver.T4CStatement.executeForDescribe(T4CStatement.java:789)
		at oracle.jdbc.driver.OracleStatement.executeMaybeDescribe(OracleStatement.java:1030)
		at oracle.jdbc.driver.T4CStatement.executeMaybeDescribe(T4CStatement.java:829)
		at oracle.jdbc.driver.OracleStatement.doExecuteWithTimeout(OracleStatement.java:1123)
		at oracle.jdbc.driver.OracleStatement.executeQuery(OracleStatement.java:1263)
		at org.apache.jsp.test1.line_jsp._jspService(line_jsp.java:200)
		at org.apache.jasper.runtime.HttpJspBase.service(HttpJspBase.java:70)
		at javax.servlet.http.HttpServlet.service(HttpServlet.java:764)
		at org.apache.jasper.servlet.JspServletWrapper.service(JspServletWrapper.java:465)
		at org.apache.jasper.servlet.JspServlet.serviceJspFile(JspServlet.java:383)
		at org.apache.jasper.servlet.JspServlet.service(JspServlet.java:331)
		at javax.servlet.http.HttpServlet.service(HttpServlet.java:764)
		at org.apache.catalina.core.ApplicationFilterChain.internalDoFilter(ApplicationFilterChain.java:231)
		at org.apache.catalina.core.ApplicationFilterChain.doFilter(ApplicationFilterChain.java:166)
		at org.apache.tomcat.websocket.server.WsFilter.doFilter(WsFilter.java:52)
		at org.apache.catalina.core.ApplicationFilterChain.internalDoFilter(ApplicationFilterChain.java:193)
		at org.apache.catalina.core.ApplicationFilterChain.doFilter(ApplicationFilterChain.java:166)
		at org.apache.catalina.core.StandardWrapperValve.invoke(StandardWrapperValve.java:196)
		at org.apache.catalina.core.StandardContextValve.invoke(StandardContextValve.java:97)
		at org.apache.catalina.authenticator.AuthenticatorBase.invoke(AuthenticatorBase.java:542)
		at org.apache.catalina.core.StandardHostValve.invoke(StandardHostValve.java:135)
		at org.apache.catalina.valves.ErrorReportValve.invoke(ErrorReportValve.java:81)
		at org.apache.catalina.valves.AbstractAccessLogValve.invoke(AbstractAccessLogValve.java:698)
		at org.apache.catalina.core.StandardEngineValve.invoke(StandardEngineValve.java:78)
		at org.apache.catalina.connector.CoyoteAdapter.service(CoyoteAdapter.java:364)
		at org.apache.coyote.http11.Http11Processor.service(Http11Processor.java:624)
		at org.apache.coyote.AbstractProcessorLight.process(AbstractProcessorLight.java:65)
		at org.apache.coyote.AbstractProtocol$ConnectionHandler.process(AbstractProtocol.java:831)
		at org.apache.tomcat.util.net.NioEndpoint$SocketProcessor.doRun(NioEndpoint.java:1673)
		at org.apache.tomcat.util.net.SocketProcessorBase.run(SocketProcessorBase.java:49)
		at org.apache.tomcat.util.threads.ThreadPoolExecutor.runWorker(ThreadPoolExecutor.java:1191)
		at org.apache.tomcat.util.threads.ThreadPoolExecutor$Worker.run(ThreadPoolExecutor.java:659)
		at org.apache.tomcat.util.threads.TaskThread$WrappingRunnable.run(TaskThread.java:61)
		at java.lang.Thread.run(Unknown Source)
21-Jan-2022 20:33:41.729 嚴重 [http-nio-8080-exec-1] org.apache.catalina.core.StandardWrapperValve.invoke Servlet.service() for servlet [jsp] in context with path [] threw exception [An exception occurred processing [/test1/line.jsp] at line [90]

87: 
88: 
89: ResultSet rs=stmt.executeQuery("SELECT PROCESS_NAME,SUM(PASS_QTY+REPASS_QTY)as good,sum(REFAIL_QTY +FAIL_QTY) as Fail,sum(PASS_QTY+REPASS_QTY+REFAIL_QTY +FAIL_QTY)as Totalinput from(select * from sajet.G_SN_COUNT a LEFT join sajet.SYS_PROCESS b  on a.process_id = b.process_id LEFT join sajet.SYS_PDLINE b  on a.PDLINE_ID = b.PDLINE_ID WHERE (PDLINE_NAME='"+name+"'AND a.WORK_DATE ='"+time+"')) GROUP BY PROCESS_NAME ");
90: ResultSet rs1=stmt.executeQuery("select CONCAT(round(SUM(PASS_QTY+REPASS_QTY)/(sum(PASS_QTY+REPASS_QTY+REFAIL_QTY +FAIL_QTY))*100,3),'%')as Yield from sajet.g_sn_count WHERE (PDLINE_NAME='"+name+"'AND a.WORK_DATE ='"+time+"')");
91: %>
92: <figure class="highcharts-figure">
93:     <div id="container"></div>


Stacktrace:] with root cause
	java.sql.SQLException: ORA-00904: "A"."WORK_DATE": 無效的 ID

		at oracle.jdbc.driver.DatabaseError.throwSqlException(DatabaseError.java:111)
		at oracle.jdbc.driver.T4CTTIoer.processError(T4CTTIoer.java:330)
		at oracle.jdbc.driver.T4CTTIoer.processError(T4CTTIoer.java:287)
		at oracle.jdbc.driver.T4C8Oall.receive(T4C8Oall.java:742)
		at oracle.jdbc.driver.T4CStatement.doOall8(T4CStatement.java:206)
		at oracle.jdbc.driver.T4CStatement.executeForDescribe(T4CStatement.java:789)
		at oracle.jdbc.driver.OracleStatement.executeMaybeDescribe(OracleStatement.java:1030)
		at oracle.jdbc.driver.T4CStatement.executeMaybeDescribe(T4CStatement.java:829)
		at oracle.jdbc.driver.OracleStatement.doExecuteWithTimeout(OracleStatement.java:1123)
		at oracle.jdbc.driver.OracleStatement.executeQuery(OracleStatement.java:1263)
		at org.apache.jsp.test1.line_jsp._jspService(line_jsp.java:200)
		at org.apache.jasper.runtime.HttpJspBase.service(HttpJspBase.java:70)
		at javax.servlet.http.HttpServlet.service(HttpServlet.java:764)
		at org.apache.jasper.servlet.JspServletWrapper.service(JspServletWrapper.java:465)
		at org.apache.jasper.servlet.JspServlet.serviceJspFile(JspServlet.java:383)
		at org.apache.jasper.servlet.JspServlet.service(JspServlet.java:331)
		at javax.servlet.http.HttpServlet.service(HttpServlet.java:764)
		at org.apache.catalina.core.ApplicationFilterChain.internalDoFilter(ApplicationFilterChain.java:231)
		at org.apache.catalina.core.ApplicationFilterChain.doFilter(ApplicationFilterChain.java:166)
		at org.apache.tomcat.websocket.server.WsFilter.doFilter(WsFilter.java:52)
		at org.apache.catalina.core.ApplicationFilterChain.internalDoFilter(ApplicationFilterChain.java:193)
		at org.apache.catalina.core.ApplicationFilterChain.doFilter(ApplicationFilterChain.java:166)
		at org.apache.catalina.core.StandardWrapperValve.invoke(StandardWrapperValve.java:196)
		at org.apache.catalina.core.StandardContextValve.invoke(StandardContextValve.java:97)
		at org.apache.catalina.authenticator.AuthenticatorBase.invoke(AuthenticatorBase.java:542)
		at org.apache.catalina.core.StandardHostValve.invoke(StandardHostValve.java:135)
		at org.apache.catalina.valves.ErrorReportValve.invoke(ErrorReportValve.java:81)
		at org.apache.catalina.valves.AbstractAccessLogValve.invoke(AbstractAccessLogValve.java:698)
		at org.apache.catalina.core.StandardEngineValve.invoke(StandardEngineValve.java:78)
		at org.apache.catalina.connector.CoyoteAdapter.service(CoyoteAdapter.java:364)
		at org.apache.coyote.http11.Http11Processor.service(Http11Processor.java:624)
		at org.apache.coyote.AbstractProcessorLight.process(AbstractProcessorLight.java:65)
		at org.apache.coyote.AbstractProtocol$ConnectionHandler.process(AbstractProtocol.java:831)
		at org.apache.tomcat.util.net.NioEndpoint$SocketProcessor.doRun(NioEndpoint.java:1673)
		at org.apache.tomcat.util.net.SocketProcessorBase.run(SocketProcessorBase.java:49)
		at org.apache.tomcat.util.threads.ThreadPoolExecutor.runWorker(ThreadPoolExecutor.java:1191)
		at org.apache.tomcat.util.threads.ThreadPoolExecutor$Worker.run(ThreadPoolExecutor.java:659)
		at org.apache.tomcat.util.threads.TaskThread$WrappingRunnable.run(TaskThread.java:61)
		at java.lang.Thread.run(Unknown Source)
21-Jan-2022 20:33:41.938 嚴重 [http-nio-8080-exec-10] org.apache.catalina.core.StandardWrapperValve.invoke Servlet.service() for servlet [jsp] in context with path [] threw exception [An exception occurred processing [/test1/line.jsp] at line [90]

87: 
88: 
89: ResultSet rs=stmt.executeQuery("SELECT PROCESS_NAME,SUM(PASS_QTY+REPASS_QTY)as good,sum(REFAIL_QTY +FAIL_QTY) as Fail,sum(PASS_QTY+REPASS_QTY+REFAIL_QTY +FAIL_QTY)as Totalinput from(select * from sajet.G_SN_COUNT a LEFT join sajet.SYS_PROCESS b  on a.process_id = b.process_id LEFT join sajet.SYS_PDLINE b  on a.PDLINE_ID = b.PDLINE_ID WHERE (PDLINE_NAME='"+name+"'AND a.WORK_DATE ='"+time+"')) GROUP BY PROCESS_NAME ");
90: ResultSet rs1=stmt.executeQuery("select CONCAT(round(SUM(PASS_QTY+REPASS_QTY)/(sum(PASS_QTY+REPASS_QTY+REFAIL_QTY +FAIL_QTY))*100,3),'%')as Yield from sajet.g_sn_count WHERE (PDLINE_NAME='"+name+"'AND a.WORK_DATE ='"+time+"')");
91: %>
92: <figure class="highcharts-figure">
93:     <div id="container"></div>


Stacktrace:] with root cause
	java.sql.SQLException: ORA-00904: "A"."WORK_DATE": 無效的 ID

		at oracle.jdbc.driver.DatabaseError.throwSqlException(DatabaseError.java:111)
		at oracle.jdbc.driver.T4CTTIoer.processError(T4CTTIoer.java:330)
		at oracle.jdbc.driver.T4CTTIoer.processError(T4CTTIoer.java:287)
		at oracle.jdbc.driver.T4C8Oall.receive(T4C8Oall.java:742)
		at oracle.jdbc.driver.T4CStatement.doOall8(T4CStatement.java:206)
		at oracle.jdbc.driver.T4CStatement.executeForDescribe(T4CStatement.java:789)
		at oracle.jdbc.driver.OracleStatement.executeMaybeDescribe(OracleStatement.java:1030)
		at oracle.jdbc.driver.T4CStatement.executeMaybeDescribe(T4CStatement.java:829)
		at oracle.jdbc.driver.OracleStatement.doExecuteWithTimeout(OracleStatement.java:1123)
		at oracle.jdbc.driver.OracleStatement.executeQuery(OracleStatement.java:1263)
		at org.apache.jsp.test1.line_jsp._jspService(line_jsp.java:200)
		at org.apache.jasper.runtime.HttpJspBase.service(HttpJspBase.java:70)
		at javax.servlet.http.HttpServlet.service(HttpServlet.java:764)
		at org.apache.jasper.servlet.JspServletWrapper.service(JspServletWrapper.java:465)
		at org.apache.jasper.servlet.JspServlet.serviceJspFile(JspServlet.java:383)
		at org.apache.jasper.servlet.JspServlet.service(JspServlet.java:331)
		at javax.servlet.http.HttpServlet.service(HttpServlet.java:764)
		at org.apache.catalina.core.ApplicationFilterChain.internalDoFilter(ApplicationFilterChain.java:231)
		at org.apache.catalina.core.ApplicationFilterChain.doFilter(ApplicationFilterChain.java:166)
		at org.apache.tomcat.websocket.server.WsFilter.doFilter(WsFilter.java:52)
		at org.apache.catalina.core.ApplicationFilterChain.internalDoFilter(ApplicationFilterChain.java:193)
		at org.apache.catalina.core.ApplicationFilterChain.doFilter(ApplicationFilterChain.java:166)
		at org.apache.catalina.core.StandardWrapperValve.invoke(StandardWrapperValve.java:196)
		at org.apache.catalina.core.StandardContextValve.invoke(StandardContextValve.java:97)
		at org.apache.catalina.authenticator.AuthenticatorBase.invoke(AuthenticatorBase.java:542)
		at org.apache.catalina.core.StandardHostValve.invoke(StandardHostValve.java:135)
		at org.apache.catalina.valves.ErrorReportValve.invoke(ErrorReportValve.java:81)
		at org.apache.catalina.valves.AbstractAccessLogValve.invoke(AbstractAccessLogValve.java:698)
		at org.apache.catalina.core.StandardEngineValve.invoke(StandardEngineValve.java:78)
		at org.apache.catalina.connector.CoyoteAdapter.service(CoyoteAdapter.java:364)
		at org.apache.coyote.http11.Http11Processor.service(Http11Processor.java:624)
		at org.apache.coyote.AbstractProcessorLight.process(AbstractProcessorLight.java:65)
		at org.apache.coyote.AbstractProtocol$ConnectionHandler.process(AbstractProtocol.java:831)
		at org.apache.tomcat.util.net.NioEndpoint$SocketProcessor.doRun(NioEndpoint.java:1673)
		at org.apache.tomcat.util.net.SocketProcessorBase.run(SocketProcessorBase.java:49)
		at org.apache.tomcat.util.threads.ThreadPoolExecutor.runWorker(ThreadPoolExecutor.java:1191)
		at org.apache.tomcat.util.threads.ThreadPoolExecutor$Worker.run(ThreadPoolExecutor.java:659)
		at org.apache.tomcat.util.threads.TaskThread$WrappingRunnable.run(TaskThread.java:61)
		at java.lang.Thread.run(Unknown Source)
21-Jan-2022 20:33:42.167 嚴重 [http-nio-8080-exec-6] org.apache.catalina.core.StandardWrapperValve.invoke Servlet.service() for servlet [jsp] in context with path [] threw exception [An exception occurred processing [/test1/line.jsp] at line [90]

87: 
88: 
89: ResultSet rs=stmt.executeQuery("SELECT PROCESS_NAME,SUM(PASS_QTY+REPASS_QTY)as good,sum(REFAIL_QTY +FAIL_QTY) as Fail,sum(PASS_QTY+REPASS_QTY+REFAIL_QTY +FAIL_QTY)as Totalinput from(select * from sajet.G_SN_COUNT a LEFT join sajet.SYS_PROCESS b  on a.process_id = b.process_id LEFT join sajet.SYS_PDLINE b  on a.PDLINE_ID = b.PDLINE_ID WHERE (PDLINE_NAME='"+name+"'AND a.WORK_DATE ='"+time+"')) GROUP BY PROCESS_NAME ");
90: ResultSet rs1=stmt.executeQuery("select CONCAT(round(SUM(PASS_QTY+REPASS_QTY)/(sum(PASS_QTY+REPASS_QTY+REFAIL_QTY +FAIL_QTY))*100,3),'%')as Yield from sajet.g_sn_count WHERE (PDLINE_NAME='"+name+"'AND a.WORK_DATE ='"+time+"')");
91: %>
92: <figure class="highcharts-figure">
93:     <div id="container"></div>


Stacktrace:] with root cause
	java.sql.SQLException: ORA-00904: "A"."WORK_DATE": 無效的 ID

		at oracle.jdbc.driver.DatabaseError.throwSqlException(DatabaseError.java:111)
		at oracle.jdbc.driver.T4CTTIoer.processError(T4CTTIoer.java:330)
		at oracle.jdbc.driver.T4CTTIoer.processError(T4CTTIoer.java:287)
		at oracle.jdbc.driver.T4C8Oall.receive(T4C8Oall.java:742)
		at oracle.jdbc.driver.T4CStatement.doOall8(T4CStatement.java:206)
		at oracle.jdbc.driver.T4CStatement.executeForDescribe(T4CStatement.java:789)
		at oracle.jdbc.driver.OracleStatement.executeMaybeDescribe(OracleStatement.java:1030)
		at oracle.jdbc.driver.T4CStatement.executeMaybeDescribe(T4CStatement.java:829)
		at oracle.jdbc.driver.OracleStatement.doExecuteWithTimeout(OracleStatement.java:1123)
		at oracle.jdbc.driver.OracleStatement.executeQuery(OracleStatement.java:1263)
		at org.apache.jsp.test1.line_jsp._jspService(line_jsp.java:200)
		at org.apache.jasper.runtime.HttpJspBase.service(HttpJspBase.java:70)
		at javax.servlet.http.HttpServlet.service(HttpServlet.java:764)
		at org.apache.jasper.servlet.JspServletWrapper.service(JspServletWrapper.java:465)
		at org.apache.jasper.servlet.JspServlet.serviceJspFile(JspServlet.java:383)
		at org.apache.jasper.servlet.JspServlet.service(JspServlet.java:331)
		at javax.servlet.http.HttpServlet.service(HttpServlet.java:764)
		at org.apache.catalina.core.ApplicationFilterChain.internalDoFilter(ApplicationFilterChain.java:231)
		at org.apache.catalina.core.ApplicationFilterChain.doFilter(ApplicationFilterChain.java:166)
		at org.apache.tomcat.websocket.server.WsFilter.doFilter(WsFilter.java:52)
		at org.apache.catalina.core.ApplicationFilterChain.internalDoFilter(ApplicationFilterChain.java:193)
		at org.apache.catalina.core.ApplicationFilterChain.doFilter(ApplicationFilterChain.java:166)
		at org.apache.catalina.core.StandardWrapperValve.invoke(StandardWrapperValve.java:196)
		at org.apache.catalina.core.StandardContextValve.invoke(StandardContextValve.java:97)
		at org.apache.catalina.authenticator.AuthenticatorBase.invoke(AuthenticatorBase.java:542)
		at org.apache.catalina.core.StandardHostValve.invoke(StandardHostValve.java:135)
		at org.apache.catalina.valves.ErrorReportValve.invoke(ErrorReportValve.java:81)
		at org.apache.catalina.valves.AbstractAccessLogValve.invoke(AbstractAccessLogValve.java:698)
		at org.apache.catalina.core.StandardEngineValve.invoke(StandardEngineValve.java:78)
		at org.apache.catalina.connector.CoyoteAdapter.service(CoyoteAdapter.java:364)
		at org.apache.coyote.http11.Http11Processor.service(Http11Processor.java:624)
		at org.apache.coyote.AbstractProcessorLight.process(AbstractProcessorLight.java:65)
		at org.apache.coyote.AbstractProtocol$ConnectionHandler.process(AbstractProtocol.java:831)
		at org.apache.tomcat.util.net.NioEndpoint$SocketProcessor.doRun(NioEndpoint.java:1673)
		at org.apache.tomcat.util.net.SocketProcessorBase.run(SocketProcessorBase.java:49)
		at org.apache.tomcat.util.threads.ThreadPoolExecutor.runWorker(ThreadPoolExecutor.java:1191)
		at org.apache.tomcat.util.threads.ThreadPoolExecutor$Worker.run(ThreadPoolExecutor.java:659)
		at org.apache.tomcat.util.threads.TaskThread$WrappingRunnable.run(TaskThread.java:61)
		at java.lang.Thread.run(Unknown Source)
21-Jan-2022 20:57:23.776 嚴重 [http-nio-8080-exec-6] org.apache.catalina.core.StandardWrapperValve.invoke Servlet.service() for servlet [jsp] in context with path [] threw exception [Unable to compile class for JSP: 

An error occurred at line: [122] in the jsp file: [/test1/line.jsp]
c cannot be resolved to a variable
119:          <td><%=rs.getString(4)%></td>
120:          
121:      
122:         <td><%=c%></td>
123:     </tr>
124:     
125:    int m=<%=rs.getString(2)%>


Stacktrace:] with root cause
	org.apache.jasper.JasperException: Unable to compile class for JSP: 

An error occurred at line: [122] in the jsp file: [/test1/line.jsp]
c cannot be resolved to a variable
119:          <td><%=rs.getString(4)%></td>
120:          
121:      
122:         <td><%=c%></td>
123:     </tr>
124:     
125:    int m=<%=rs.getString(2)%>


Stacktrace:
		at org.apache.jasper.compiler.DefaultErrorHandler.javacError(DefaultErrorHandler.java:101)
		at org.apache.jasper.compiler.ErrorDispatcher.javacError(ErrorDispatcher.java:213)
		at org.apache.jasper.compiler.JDTCompiler.generateClass(JDTCompiler.java:556)
		at org.apache.jasper.compiler.Compiler.compile(Compiler.java:380)
		at org.apache.jasper.compiler.Compiler.compile(Compiler.java:350)
		at org.apache.jasper.compiler.Compiler.compile(Compiler.java:334)
		at org.apache.jasper.JspCompilationContext.compile(JspCompilationContext.java:597)
		at org.apache.jasper.servlet.JspServletWrapper.service(JspServletWrapper.java:398)
		at org.apache.jasper.servlet.JspServlet.serviceJspFile(JspServlet.java:383)
		at org.apache.jasper.servlet.JspServlet.service(JspServlet.java:331)
		at javax.servlet.http.HttpServlet.service(HttpServlet.java:764)
		at org.apache.catalina.core.ApplicationFilterChain.internalDoFilter(ApplicationFilterChain.java:231)
		at org.apache.catalina.core.ApplicationFilterChain.doFilter(ApplicationFilterChain.java:166)
		at org.apache.tomcat.websocket.server.WsFilter.doFilter(WsFilter.java:52)
		at org.apache.catalina.core.ApplicationFilterChain.internalDoFilter(ApplicationFilterChain.java:193)
		at org.apache.catalina.core.ApplicationFilterChain.doFilter(ApplicationFilterChain.java:166)
		at org.apache.catalina.core.StandardWrapperValve.invoke(StandardWrapperValve.java:196)
		at org.apache.catalina.core.StandardContextValve.invoke(StandardContextValve.java:97)
		at org.apache.catalina.authenticator.AuthenticatorBase.invoke(AuthenticatorBase.java:542)
		at org.apache.catalina.core.StandardHostValve.invoke(StandardHostValve.java:135)
		at org.apache.catalina.valves.ErrorReportValve.invoke(ErrorReportValve.java:81)
		at org.apache.catalina.valves.AbstractAccessLogValve.invoke(AbstractAccessLogValve.java:698)
		at org.apache.catalina.core.StandardEngineValve.invoke(StandardEngineValve.java:78)
		at org.apache.catalina.connector.CoyoteAdapter.service(CoyoteAdapter.java:364)
		at org.apache.coyote.http11.Http11Processor.service(Http11Processor.java:624)
		at org.apache.coyote.AbstractProcessorLight.process(AbstractProcessorLight.java:65)
		at org.apache.coyote.AbstractProtocol$ConnectionHandler.process(AbstractProtocol.java:831)
		at org.apache.tomcat.util.net.NioEndpoint$SocketProcessor.doRun(NioEndpoint.java:1673)
		at org.apache.tomcat.util.net.SocketProcessorBase.run(SocketProcessorBase.java:49)
		at org.apache.tomcat.util.threads.ThreadPoolExecutor.runWorker(ThreadPoolExecutor.java:1191)
		at org.apache.tomcat.util.threads.ThreadPoolExecutor$Worker.run(ThreadPoolExecutor.java:659)
		at org.apache.tomcat.util.threads.TaskThread$WrappingRunnable.run(TaskThread.java:61)
		at java.lang.Thread.run(Unknown Source)
21-Jan-2022 20:58:39.422 嚴重 [http-nio-8080-exec-9] org.apache.catalina.core.StandardWrapperValve.invoke Servlet.service() for servlet [jsp] in context with path [] threw exception [Unable to compile class for JSP: 

An error occurred at line: [129] in the jsp file: [/test1/line.jsp]
c cannot be resolved to a variable
126:        int c=m/n*100+"%"
127:      </script>
128:      
129:         <td><%=c%></td>
130:     </tr>
131:     
132:    int m=<%=rs.getString(2)%>


Stacktrace:] with root cause
	org.apache.jasper.JasperException: Unable to compile class for JSP: 

An error occurred at line: [129] in the jsp file: [/test1/line.jsp]
c cannot be resolved to a variable
126:        int c=m/n*100+"%"
127:      </script>
128:      
129:         <td><%=c%></td>
130:     </tr>
131:     
132:    int m=<%=rs.getString(2)%>


Stacktrace:
		at org.apache.jasper.compiler.DefaultErrorHandler.javacError(DefaultErrorHandler.java:101)
		at org.apache.jasper.compiler.ErrorDispatcher.javacError(ErrorDispatcher.java:213)
		at org.apache.jasper.compiler.JDTCompiler.generateClass(JDTCompiler.java:556)
		at org.apache.jasper.compiler.Compiler.compile(Compiler.java:380)
		at org.apache.jasper.compiler.Compiler.compile(Compiler.java:350)
		at org.apache.jasper.compiler.Compiler.compile(Compiler.java:334)
		at org.apache.jasper.JspCompilationContext.compile(JspCompilationContext.java:597)
		at org.apache.jasper.servlet.JspServletWrapper.service(JspServletWrapper.java:398)
		at org.apache.jasper.servlet.JspServlet.serviceJspFile(JspServlet.java:383)
		at org.apache.jasper.servlet.JspServlet.service(JspServlet.java:331)
		at javax.servlet.http.HttpServlet.service(HttpServlet.java:764)
		at org.apache.catalina.core.ApplicationFilterChain.internalDoFilter(ApplicationFilterChain.java:231)
		at org.apache.catalina.core.ApplicationFilterChain.doFilter(ApplicationFilterChain.java:166)
		at org.apache.tomcat.websocket.server.WsFilter.doFilter(WsFilter.java:52)
		at org.apache.catalina.core.ApplicationFilterChain.internalDoFilter(ApplicationFilterChain.java:193)
		at org.apache.catalina.core.ApplicationFilterChain.doFilter(ApplicationFilterChain.java:166)
		at org.apache.catalina.core.StandardWrapperValve.invoke(StandardWrapperValve.java:196)
		at org.apache.catalina.core.StandardContextValve.invoke(StandardContextValve.java:97)
		at org.apache.catalina.authenticator.AuthenticatorBase.invoke(AuthenticatorBase.java:542)
		at org.apache.catalina.core.StandardHostValve.invoke(StandardHostValve.java:135)
		at org.apache.catalina.valves.ErrorReportValve.invoke(ErrorReportValve.java:81)
		at org.apache.catalina.valves.AbstractAccessLogValve.invoke(AbstractAccessLogValve.java:698)
		at org.apache.catalina.core.StandardEngineValve.invoke(StandardEngineValve.java:78)
		at org.apache.catalina.connector.CoyoteAdapter.service(CoyoteAdapter.java:364)
		at org.apache.coyote.http11.Http11Processor.service(Http11Processor.java:624)
		at org.apache.coyote.AbstractProcessorLight.process(AbstractProcessorLight.java:65)
		at org.apache.coyote.AbstractProtocol$ConnectionHandler.process(AbstractProtocol.java:831)
		at org.apache.tomcat.util.net.NioEndpoint$SocketProcessor.doRun(NioEndpoint.java:1673)
		at org.apache.tomcat.util.net.SocketProcessorBase.run(SocketProcessorBase.java:49)
		at org.apache.tomcat.util.threads.ThreadPoolExecutor.runWorker(ThreadPoolExecutor.java:1191)
		at org.apache.tomcat.util.threads.ThreadPoolExecutor$Worker.run(ThreadPoolExecutor.java:659)
		at org.apache.tomcat.util.threads.TaskThread$WrappingRunnable.run(TaskThread.java:61)
		at java.lang.Thread.run(Unknown Source)
21-Jan-2022 20:59:05.328 嚴重 [http-nio-8080-exec-8] org.apache.catalina.core.StandardWrapperValve.invoke Servlet.service() for servlet [jsp] in context with path [] threw exception [Unable to compile class for JSP: 

An error occurred at line: [129] in the jsp file: [/test1/line.jsp]
c cannot be resolved to a variable
126:        int c=m/n*100+"%"
127:      </div>
128:      
129:         <td><%=c%></td>
130:     </tr>
131:     
132:    int m=<%=rs.getString(2)%>


Stacktrace:] with root cause
	org.apache.jasper.JasperException: Unable to compile class for JSP: 

An error occurred at line: [129] in the jsp file: [/test1/line.jsp]
c cannot be resolved to a variable
126:        int c=m/n*100+"%"
127:      </div>
128:      
129:         <td><%=c%></td>
130:     </tr>
131:     
132:    int m=<%=rs.getString(2)%>


Stacktrace:
		at org.apache.jasper.compiler.DefaultErrorHandler.javacError(DefaultErrorHandler.java:101)
		at org.apache.jasper.compiler.ErrorDispatcher.javacError(ErrorDispatcher.java:213)
		at org.apache.jasper.compiler.JDTCompiler.generateClass(JDTCompiler.java:556)
		at org.apache.jasper.compiler.Compiler.compile(Compiler.java:380)
		at org.apache.jasper.compiler.Compiler.compile(Compiler.java:350)
		at org.apache.jasper.compiler.Compiler.compile(Compiler.java:334)
		at org.apache.jasper.JspCompilationContext.compile(JspCompilationContext.java:597)
		at org.apache.jasper.servlet.JspServletWrapper.service(JspServletWrapper.java:398)
		at org.apache.jasper.servlet.JspServlet.serviceJspFile(JspServlet.java:383)
		at org.apache.jasper.servlet.JspServlet.service(JspServlet.java:331)
		at javax.servlet.http.HttpServlet.service(HttpServlet.java:764)
		at org.apache.catalina.core.ApplicationFilterChain.internalDoFilter(ApplicationFilterChain.java:231)
		at org.apache.catalina.core.ApplicationFilterChain.doFilter(ApplicationFilterChain.java:166)
		at org.apache.tomcat.websocket.server.WsFilter.doFilter(WsFilter.java:52)
		at org.apache.catalina.core.ApplicationFilterChain.internalDoFilter(ApplicationFilterChain.java:193)
		at org.apache.catalina.core.ApplicationFilterChain.doFilter(ApplicationFilterChain.java:166)
		at org.apache.catalina.core.StandardWrapperValve.invoke(StandardWrapperValve.java:196)
		at org.apache.catalina.core.StandardContextValve.invoke(StandardContextValve.java:97)
		at org.apache.catalina.authenticator.AuthenticatorBase.invoke(AuthenticatorBase.java:542)
		at org.apache.catalina.core.StandardHostValve.invoke(StandardHostValve.java:135)
		at org.apache.catalina.valves.ErrorReportValve.invoke(ErrorReportValve.java:81)
		at org.apache.catalina.valves.AbstractAccessLogValve.invoke(AbstractAccessLogValve.java:698)
		at org.apache.catalina.core.StandardEngineValve.invoke(StandardEngineValve.java:78)
		at org.apache.catalina.connector.CoyoteAdapter.service(CoyoteAdapter.java:364)
		at org.apache.coyote.http11.Http11Processor.service(Http11Processor.java:624)
		at org.apache.coyote.AbstractProcessorLight.process(AbstractProcessorLight.java:65)
		at org.apache.coyote.AbstractProtocol$ConnectionHandler.process(AbstractProtocol.java:831)
		at org.apache.tomcat.util.net.NioEndpoint$SocketProcessor.doRun(NioEndpoint.java:1673)
		at org.apache.tomcat.util.net.SocketProcessorBase.run(SocketProcessorBase.java:49)
		at org.apache.tomcat.util.threads.ThreadPoolExecutor.runWorker(ThreadPoolExecutor.java:1191)
		at org.apache.tomcat.util.threads.ThreadPoolExecutor$Worker.run(ThreadPoolExecutor.java:659)
		at org.apache.tomcat.util.threads.TaskThread$WrappingRunnable.run(TaskThread.java:61)
		at java.lang.Thread.run(Unknown Source)
