04-Feb-2022 08:05:03.623 信息 [localhost-startStop-1] org.apache.catalina.core.ApplicationContext.log ContextListener: contextInitialized()
04-Feb-2022 08:05:03.623 信息 [localhost-startStop-1] org.apache.catalina.core.ApplicationContext.log SessionListener: contextInitialized()
04-Feb-2022 08:05:03.623 信息 [localhost-startStop-1] org.apache.catalina.core.ApplicationContext.log ContextListener: attributeAdded('StockTicker', 'async.Stockticker@11308ee')
04-Feb-2022 16:10:52.765 严重 [http-nio-8080-exec-4] org.apache.catalina.core.StandardWrapperValve.invoke 在路径为的上下文中，Servlet[jsp]的Servlet.service（）引发了具有根本原因的异常在 [78] 行处理 [/test1/time.jsp] 时发生异常

75: String name = request.getParameter("time");//鐢╮equest寰楀埌 
76: String datetime = new SimpleDateFormat("yyyyMMdd").format(Calendar.getInstance().getTime());
77: ResultSet rs =stmt.executeQuery("SELECT PROCESS_NAME,sum(LED_TP1) LED_TP1,sum(LED_W10) LED_W10,sum(LED_W16) LED_W16,sum(LED_W01) LED_W01,sum(LED_L05) LED_L05,sum(LED_S01) LED_S01,sum(LED_S02) LED_S02,sum(LED_L08) LED_L08,sum(LED_L04) LED_L04,sum(LED_L02) LED_L02,sum(LED_L09) LED_L09,sum(LED_TP2) LED_TP2,sum(LED_W03) LED_W03,sum(LED_L03) LED_L03,sum(LED_W07) LED_W07,sum(LED_W08) LED_W08,sum(LED_S05) LED_S05,sum(LED_W05) LED_W05,sum(LED_W04) LED_W04,sum(LED_TP3) LED_TP3,sum(LED_S99) LED_S99,sum(LED_W02) LED_W02,sum(LED_S04) LED_S04,sum(LED_S03) LED_S03,sum(LED_W09) LED_W09,sum(LED_L01) LED_L01,sum(LED_L07) LED_L07,sum(LED_W11) LED_W11,sum(LED_L99) LED_L99,sum(LED_W12) LED_W12,sum(LED_S06) LED_S06,sum(LED_W06) LED_W06,sum(LED_L06) LED_L06 from(SELECT PDLINE_NAME,PROCESS_NAME, decode(PDLINE_NAME,'LED_TP1',input)LED_TP1,decode(PDLINE_NAME,'LED_W10',input) LED_W10,decode(PDLINE_NAME,'LED_W16',input) LED_W16 ,decode(PDLINE_NAME,'LED_W01',input) LED_W01 ,decode(PDLINE_NAME,'LED_L05',input) LED_L05,decode(PDLINE_NAME,'LED_S01',input) LED_S01,decode(PDLINE_NAME,'LED_S02',input) LED_S02 ,decode(PDLINE_NAME,'LED_L02',input) LED_L02 ,decode(PDLINE_NAME,'LED_L08',input) LED_L08 ,decode(PDLINE_NAME,'LED_L04',input) LED_L04 ,decode(PDLINE_NAME,'LED_L09',input) LED_L09,decode(PDLINE_NAME,'LED_TP2',input) LED_TP2,decode(PDLINE_NAME,'LED_W03',input) LED_W03 ,decode(PDLINE_NAME,'LED_L03',input) LED_L03 ,decode(PDLINE_NAME,'LED_W07',input) LED_W07,decode(PDLINE_NAME,'LED_W08',input) LED_W08,decode(PDLINE_NAME,'LED_S05',input) LED_S05 ,decode(PDLINE_NAME,'LED_W05',input) LED_W05 ,decode(PDLINE_NAME,'LED_W04',input) LED_W04 ,decode(PDLINE_NAME,'LED_TP3',input) LED_TP3 ,decode(PDLINE_NAME,'LED_S99',input) LED_S99,decode(PDLINE_NAME,'LED_W02',input) LED_W02,decode(PDLINE_NAME,'LED_S04',input) LED_S04 ,decode(PDLINE_NAME,'LED_S03',input) LED_S03 ,decode(PDLINE_NAME,'LED_W09',input) LED_W09,decode(PDLINE_NAME,'LED_L01',input) LED_L01,decode(PDLINE_NAME,'LED_L07',input) LED_L07 ,decode(PDLINE_NAME,'LED_W11',input) LED_W11 ,decode(PDLINE_NAME,'LED_L99',input) LED_L99 ,decode(PDLINE_NAME,'LED_W12',input) LED_W12 ,decode(PDLINE_NAME,'LED_S06',input) LED_S06 ,decode(PDLINE_NAME,'LED_W06',input) LED_W06 ,decode(PDLINE_NAME,'LED_L06',input) LED_L06  from INPUT_QTYC  WHERE WORK_DATE||WORK_TIME between to_CHAR('2022020408')and to_char('2022020420'))GROUP BY PROCESS_NAME");
78: ResultSet hjb =hja.executeQuery("SELECT PROCESS_NAME,INPUT  FROM input_qtyc WORK_DATE||WORK_TIME between to_CHAR('2022020408')and to_char('2022020420')GROUP BY PROCESS_NAME");
79: 
80: 
81: ResultSet rc =stmtc.executeQuery("SELECT * FROM (SELECT PDLINE_NAME,sum(PASS_QTY+FAIL_QTY)as input,sum(PASS_QTY)as good,SUM(FAIL_QTY)AS FAIL_QTY,CONCAT(round(SUM(PASS_QTY)/(sum(PASS_QTY+FAIL_QTY))*100,2),'%')as Yield from(select * from sajet.G_SN_COUNT a  LEFT join sajet.SYS_PROCESS b  on a.process_id = b.process_id LEFT join sajet.SYS_PDLINE c  on a.PDLINE_ID = c.PDLINE_ID LEFT join sajet.G_WO_BASE d  on a.WORK_ORDER = d.WORK_ORDER WHERE A.WORK_DATE||A.WORK_TIME between to_CHAR('2022020408')and to_char('2022020420') )GROUP BY PDLINE_NAME ORDER BY FAIL_QTY DESC ) WHERE ROWNUM <= 10");


Stacktrace:
	java.sql.SQLException: ORA-00933: SQL 命令未正确结束

		at oracle.jdbc.driver.DatabaseError.throwSqlException(DatabaseError.java:111)
		at oracle.jdbc.driver.T4CTTIoer.processError(T4CTTIoer.java:330)
		at oracle.jdbc.driver.T4CTTIoer.processError(T4CTTIoer.java:287)
		at oracle.jdbc.driver.T4C8Oall.receive(T4C8Oall.java:742)
		at oracle.jdbc.driver.T4CStatement.doOall8(T4CStatement.java:206)
		at oracle.jdbc.driver.T4CStatement.executeForDescribe(T4CStatement.java:789)
		at oracle.jdbc.driver.OracleStatement.executeMaybeDescribe(OracleStatement.java:1030)
		at oracle.jdbc.driver.T4CStatement.executeMaybeDescribe(T4CStatement.java:829)
		at oracle.jdbc.driver.OracleStatement.doExecuteWithTimeout(OracleStatement.java:1123)
		at oracle.jdbc.driver.OracleStatement.executeQuery(OracleStatement.java:1263)
		at org.apache.jsp.test1.time_jsp._jspService(time_jsp.java:192)
		at org.apache.jasper.runtime.HttpJspBase.service(HttpJspBase.java:70)
		at javax.servlet.http.HttpServlet.service(HttpServlet.java:764)
		at org.apache.jasper.servlet.JspServletWrapper.service(JspServletWrapper.java:465)
		at org.apache.jasper.servlet.JspServlet.serviceJspFile(JspServlet.java:383)
		at org.apache.jasper.servlet.JspServlet.service(JspServlet.java:331)
		at javax.servlet.http.HttpServlet.service(HttpServlet.java:764)
		at org.apache.catalina.core.ApplicationFilterChain.internalDoFilter(ApplicationFilterChain.java:231)
		at org.apache.catalina.core.ApplicationFilterChain.doFilter(ApplicationFilterChain.java:166)
		at org.apache.tomcat.websocket.server.WsFilter.doFilter(WsFilter.java:52)
		at org.apache.catalina.core.ApplicationFilterChain.internalDoFilter(ApplicationFilterChain.java:193)
		at org.apache.catalina.core.ApplicationFilterChain.doFilter(ApplicationFilterChain.java:166)
		at org.apache.catalina.core.StandardWrapperValve.invoke(StandardWrapperValve.java:196)
		at org.apache.catalina.core.StandardContextValve.invoke(StandardContextValve.java:97)
		at org.apache.catalina.authenticator.AuthenticatorBase.invoke(AuthenticatorBase.java:542)
		at org.apache.catalina.core.StandardHostValve.invoke(StandardHostValve.java:135)
		at org.apache.catalina.valves.ErrorReportValve.invoke(ErrorReportValve.java:81)
		at org.apache.catalina.valves.AbstractAccessLogValve.invoke(AbstractAccessLogValve.java:698)
		at org.apache.catalina.core.StandardEngineValve.invoke(StandardEngineValve.java:78)
		at org.apache.catalina.connector.CoyoteAdapter.service(CoyoteAdapter.java:364)
		at org.apache.coyote.http11.Http11Processor.service(Http11Processor.java:624)
		at org.apache.coyote.AbstractProcessorLight.process(AbstractProcessorLight.java:65)
		at org.apache.coyote.AbstractProtocol$ConnectionHandler.process(AbstractProtocol.java:831)
		at org.apache.tomcat.util.net.NioEndpoint$SocketProcessor.doRun(NioEndpoint.java:1673)
		at org.apache.tomcat.util.net.SocketProcessorBase.run(SocketProcessorBase.java:49)
		at org.apache.tomcat.util.threads.ThreadPoolExecutor.runWorker(ThreadPoolExecutor.java:1191)
		at org.apache.tomcat.util.threads.ThreadPoolExecutor$Worker.run(ThreadPoolExecutor.java:659)
		at org.apache.tomcat.util.threads.TaskThread$WrappingRunnable.run(TaskThread.java:61)
		at java.lang.Thread.run(Unknown Source)
04-Feb-2022 16:11:35.250 严重 [http-nio-8080-exec-7] org.apache.catalina.core.StandardWrapperValve.invoke 在路径为的上下文中，Servlet[jsp]的Servlet.service（）引发了具有根本原因的异常在 [78] 行处理 [/test1/time.jsp] 时发生异常

75: String name = request.getParameter("time");//鐢╮equest寰楀埌 
76: String datetime = new SimpleDateFormat("yyyyMMdd").format(Calendar.getInstance().getTime());
77: ResultSet rs =stmt.executeQuery("SELECT PROCESS_NAME,sum(LED_TP1) LED_TP1,sum(LED_W10) LED_W10,sum(LED_W16) LED_W16,sum(LED_W01) LED_W01,sum(LED_L05) LED_L05,sum(LED_S01) LED_S01,sum(LED_S02) LED_S02,sum(LED_L08) LED_L08,sum(LED_L04) LED_L04,sum(LED_L02) LED_L02,sum(LED_L09) LED_L09,sum(LED_TP2) LED_TP2,sum(LED_W03) LED_W03,sum(LED_L03) LED_L03,sum(LED_W07) LED_W07,sum(LED_W08) LED_W08,sum(LED_S05) LED_S05,sum(LED_W05) LED_W05,sum(LED_W04) LED_W04,sum(LED_TP3) LED_TP3,sum(LED_S99) LED_S99,sum(LED_W02) LED_W02,sum(LED_S04) LED_S04,sum(LED_S03) LED_S03,sum(LED_W09) LED_W09,sum(LED_L01) LED_L01,sum(LED_L07) LED_L07,sum(LED_W11) LED_W11,sum(LED_L99) LED_L99,sum(LED_W12) LED_W12,sum(LED_S06) LED_S06,sum(LED_W06) LED_W06,sum(LED_L06) LED_L06 from(SELECT PDLINE_NAME,PROCESS_NAME, decode(PDLINE_NAME,'LED_TP1',input)LED_TP1,decode(PDLINE_NAME,'LED_W10',input) LED_W10,decode(PDLINE_NAME,'LED_W16',input) LED_W16 ,decode(PDLINE_NAME,'LED_W01',input) LED_W01 ,decode(PDLINE_NAME,'LED_L05',input) LED_L05,decode(PDLINE_NAME,'LED_S01',input) LED_S01,decode(PDLINE_NAME,'LED_S02',input) LED_S02 ,decode(PDLINE_NAME,'LED_L02',input) LED_L02 ,decode(PDLINE_NAME,'LED_L08',input) LED_L08 ,decode(PDLINE_NAME,'LED_L04',input) LED_L04 ,decode(PDLINE_NAME,'LED_L09',input) LED_L09,decode(PDLINE_NAME,'LED_TP2',input) LED_TP2,decode(PDLINE_NAME,'LED_W03',input) LED_W03 ,decode(PDLINE_NAME,'LED_L03',input) LED_L03 ,decode(PDLINE_NAME,'LED_W07',input) LED_W07,decode(PDLINE_NAME,'LED_W08',input) LED_W08,decode(PDLINE_NAME,'LED_S05',input) LED_S05 ,decode(PDLINE_NAME,'LED_W05',input) LED_W05 ,decode(PDLINE_NAME,'LED_W04',input) LED_W04 ,decode(PDLINE_NAME,'LED_TP3',input) LED_TP3 ,decode(PDLINE_NAME,'LED_S99',input) LED_S99,decode(PDLINE_NAME,'LED_W02',input) LED_W02,decode(PDLINE_NAME,'LED_S04',input) LED_S04 ,decode(PDLINE_NAME,'LED_S03',input) LED_S03 ,decode(PDLINE_NAME,'LED_W09',input) LED_W09,decode(PDLINE_NAME,'LED_L01',input) LED_L01,decode(PDLINE_NAME,'LED_L07',input) LED_L07 ,decode(PDLINE_NAME,'LED_W11',input) LED_W11 ,decode(PDLINE_NAME,'LED_L99',input) LED_L99 ,decode(PDLINE_NAME,'LED_W12',input) LED_W12 ,decode(PDLINE_NAME,'LED_S06',input) LED_S06 ,decode(PDLINE_NAME,'LED_W06',input) LED_W06 ,decode(PDLINE_NAME,'LED_L06',input) LED_L06  from INPUT_QTYC  WHERE WORK_DATE||WORK_TIME between to_CHAR('2022020408')and to_char('2022020420'))GROUP BY PROCESS_NAME");
78: ResultSet hjb =hja.executeQuery("SELECT PROCESS_NAME,INPUT  FROM input_qtyc where WORK_DATE||WORK_TIME between to_CHAR('2022020408')and to_char('2022020420')GROUP BY PROCESS_NAME");
79: 
80: 
81: ResultSet rc =stmtc.executeQuery("SELECT * FROM (SELECT PDLINE_NAME,sum(PASS_QTY+FAIL_QTY)as input,sum(PASS_QTY)as good,SUM(FAIL_QTY)AS FAIL_QTY,CONCAT(round(SUM(PASS_QTY)/(sum(PASS_QTY+FAIL_QTY))*100,2),'%')as Yield from(select * from sajet.G_SN_COUNT a  LEFT join sajet.SYS_PROCESS b  on a.process_id = b.process_id LEFT join sajet.SYS_PDLINE c  on a.PDLINE_ID = c.PDLINE_ID LEFT join sajet.G_WO_BASE d  on a.WORK_ORDER = d.WORK_ORDER WHERE A.WORK_DATE||A.WORK_TIME between to_CHAR('2022020408')and to_char('2022020420') )GROUP BY PDLINE_NAME ORDER BY FAIL_QTY DESC ) WHERE ROWNUM <= 10");


Stacktrace:
	java.sql.SQLException: ORA-00979: 不是 GROUP BY 表达式

		at oracle.jdbc.driver.DatabaseError.throwSqlException(DatabaseError.java:111)
		at oracle.jdbc.driver.T4CTTIoer.processError(T4CTTIoer.java:330)
		at oracle.jdbc.driver.T4CTTIoer.processError(T4CTTIoer.java:287)
		at oracle.jdbc.driver.T4C8Oall.receive(T4C8Oall.java:742)
		at oracle.jdbc.driver.T4CStatement.doOall8(T4CStatement.java:206)
		at oracle.jdbc.driver.T4CStatement.executeForDescribe(T4CStatement.java:789)
		at oracle.jdbc.driver.OracleStatement.executeMaybeDescribe(OracleStatement.java:1030)
		at oracle.jdbc.driver.T4CStatement.executeMaybeDescribe(T4CStatement.java:829)
		at oracle.jdbc.driver.OracleStatement.doExecuteWithTimeout(OracleStatement.java:1123)
		at oracle.jdbc.driver.OracleStatement.executeQuery(OracleStatement.java:1263)
		at org.apache.jsp.test1.time_jsp._jspService(time_jsp.java:192)
		at org.apache.jasper.runtime.HttpJspBase.service(HttpJspBase.java:70)
		at javax.servlet.http.HttpServlet.service(HttpServlet.java:764)
		at org.apache.jasper.servlet.JspServletWrapper.service(JspServletWrapper.java:465)
		at org.apache.jasper.servlet.JspServlet.serviceJspFile(JspServlet.java:383)
		at org.apache.jasper.servlet.JspServlet.service(JspServlet.java:331)
		at javax.servlet.http.HttpServlet.service(HttpServlet.java:764)
		at org.apache.catalina.core.ApplicationFilterChain.internalDoFilter(ApplicationFilterChain.java:231)
		at org.apache.catalina.core.ApplicationFilterChain.doFilter(ApplicationFilterChain.java:166)
		at org.apache.tomcat.websocket.server.WsFilter.doFilter(WsFilter.java:52)
		at org.apache.catalina.core.ApplicationFilterChain.internalDoFilter(ApplicationFilterChain.java:193)
		at org.apache.catalina.core.ApplicationFilterChain.doFilter(ApplicationFilterChain.java:166)
		at org.apache.catalina.core.StandardWrapperValve.invoke(StandardWrapperValve.java:196)
		at org.apache.catalina.core.StandardContextValve.invoke(StandardContextValve.java:97)
		at org.apache.catalina.authenticator.AuthenticatorBase.invoke(AuthenticatorBase.java:542)
		at org.apache.catalina.core.StandardHostValve.invoke(StandardHostValve.java:135)
		at org.apache.catalina.valves.ErrorReportValve.invoke(ErrorReportValve.java:81)
		at org.apache.catalina.valves.AbstractAccessLogValve.invoke(AbstractAccessLogValve.java:698)
		at org.apache.catalina.core.StandardEngineValve.invoke(StandardEngineValve.java:78)
		at org.apache.catalina.connector.CoyoteAdapter.service(CoyoteAdapter.java:364)
		at org.apache.coyote.http11.Http11Processor.service(Http11Processor.java:624)
		at org.apache.coyote.AbstractProcessorLight.process(AbstractProcessorLight.java:65)
		at org.apache.coyote.AbstractProtocol$ConnectionHandler.process(AbstractProtocol.java:831)
		at org.apache.tomcat.util.net.NioEndpoint$SocketProcessor.doRun(NioEndpoint.java:1673)
		at org.apache.tomcat.util.net.SocketProcessorBase.run(SocketProcessorBase.java:49)
		at org.apache.tomcat.util.threads.ThreadPoolExecutor.runWorker(ThreadPoolExecutor.java:1191)
		at org.apache.tomcat.util.threads.ThreadPoolExecutor$Worker.run(ThreadPoolExecutor.java:659)
		at org.apache.tomcat.util.threads.TaskThread$WrappingRunnable.run(TaskThread.java:61)
		at java.lang.Thread.run(Unknown Source)
04-Feb-2022 16:11:42.012 严重 [http-nio-8080-exec-8] org.apache.catalina.core.StandardWrapperValve.invoke 在路径为的上下文中，Servlet[jsp]的Servlet.service（）引发了具有根本原因的异常在 [78] 行处理 [/test1/time.jsp] 时发生异常

75: String name = request.getParameter("time");//鐢╮equest寰楀埌 
76: String datetime = new SimpleDateFormat("yyyyMMdd").format(Calendar.getInstance().getTime());
77: ResultSet rs =stmt.executeQuery("SELECT PROCESS_NAME,sum(LED_TP1) LED_TP1,sum(LED_W10) LED_W10,sum(LED_W16) LED_W16,sum(LED_W01) LED_W01,sum(LED_L05) LED_L05,sum(LED_S01) LED_S01,sum(LED_S02) LED_S02,sum(LED_L08) LED_L08,sum(LED_L04) LED_L04,sum(LED_L02) LED_L02,sum(LED_L09) LED_L09,sum(LED_TP2) LED_TP2,sum(LED_W03) LED_W03,sum(LED_L03) LED_L03,sum(LED_W07) LED_W07,sum(LED_W08) LED_W08,sum(LED_S05) LED_S05,sum(LED_W05) LED_W05,sum(LED_W04) LED_W04,sum(LED_TP3) LED_TP3,sum(LED_S99) LED_S99,sum(LED_W02) LED_W02,sum(LED_S04) LED_S04,sum(LED_S03) LED_S03,sum(LED_W09) LED_W09,sum(LED_L01) LED_L01,sum(LED_L07) LED_L07,sum(LED_W11) LED_W11,sum(LED_L99) LED_L99,sum(LED_W12) LED_W12,sum(LED_S06) LED_S06,sum(LED_W06) LED_W06,sum(LED_L06) LED_L06 from(SELECT PDLINE_NAME,PROCESS_NAME, decode(PDLINE_NAME,'LED_TP1',input)LED_TP1,decode(PDLINE_NAME,'LED_W10',input) LED_W10,decode(PDLINE_NAME,'LED_W16',input) LED_W16 ,decode(PDLINE_NAME,'LED_W01',input) LED_W01 ,decode(PDLINE_NAME,'LED_L05',input) LED_L05,decode(PDLINE_NAME,'LED_S01',input) LED_S01,decode(PDLINE_NAME,'LED_S02',input) LED_S02 ,decode(PDLINE_NAME,'LED_L02',input) LED_L02 ,decode(PDLINE_NAME,'LED_L08',input) LED_L08 ,decode(PDLINE_NAME,'LED_L04',input) LED_L04 ,decode(PDLINE_NAME,'LED_L09',input) LED_L09,decode(PDLINE_NAME,'LED_TP2',input) LED_TP2,decode(PDLINE_NAME,'LED_W03',input) LED_W03 ,decode(PDLINE_NAME,'LED_L03',input) LED_L03 ,decode(PDLINE_NAME,'LED_W07',input) LED_W07,decode(PDLINE_NAME,'LED_W08',input) LED_W08,decode(PDLINE_NAME,'LED_S05',input) LED_S05 ,decode(PDLINE_NAME,'LED_W05',input) LED_W05 ,decode(PDLINE_NAME,'LED_W04',input) LED_W04 ,decode(PDLINE_NAME,'LED_TP3',input) LED_TP3 ,decode(PDLINE_NAME,'LED_S99',input) LED_S99,decode(PDLINE_NAME,'LED_W02',input) LED_W02,decode(PDLINE_NAME,'LED_S04',input) LED_S04 ,decode(PDLINE_NAME,'LED_S03',input) LED_S03 ,decode(PDLINE_NAME,'LED_W09',input) LED_W09,decode(PDLINE_NAME,'LED_L01',input) LED_L01,decode(PDLINE_NAME,'LED_L07',input) LED_L07 ,decode(PDLINE_NAME,'LED_W11',input) LED_W11 ,decode(PDLINE_NAME,'LED_L99',input) LED_L99 ,decode(PDLINE_NAME,'LED_W12',input) LED_W12 ,decode(PDLINE_NAME,'LED_S06',input) LED_S06 ,decode(PDLINE_NAME,'LED_W06',input) LED_W06 ,decode(PDLINE_NAME,'LED_L06',input) LED_L06  from INPUT_QTYC  WHERE WORK_DATE||WORK_TIME between to_CHAR('2022020408')and to_char('2022020420'))GROUP BY PROCESS_NAME");
78: ResultSet hjb =hja.executeQuery("SELECT PROCESS_NAME,INPUT  FROM input_qtyc where WORK_DATE||WORK_TIME between to_CHAR('2022020408')and to_char('2022020420')GROUP BY PROCESS_NAME");
79: 
80: 
81: ResultSet rc =stmtc.executeQuery("SELECT * FROM (SELECT PDLINE_NAME,sum(PASS_QTY+FAIL_QTY)as input,sum(PASS_QTY)as good,SUM(FAIL_QTY)AS FAIL_QTY,CONCAT(round(SUM(PASS_QTY)/(sum(PASS_QTY+FAIL_QTY))*100,2),'%')as Yield from(select * from sajet.G_SN_COUNT a  LEFT join sajet.SYS_PROCESS b  on a.process_id = b.process_id LEFT join sajet.SYS_PDLINE c  on a.PDLINE_ID = c.PDLINE_ID LEFT join sajet.G_WO_BASE d  on a.WORK_ORDER = d.WORK_ORDER WHERE A.WORK_DATE||A.WORK_TIME between to_CHAR('2022020408')and to_char('2022020420') )GROUP BY PDLINE_NAME ORDER BY FAIL_QTY DESC ) WHERE ROWNUM <= 10");


Stacktrace:
	java.sql.SQLException: ORA-00979: 不是 GROUP BY 表达式

		at oracle.jdbc.driver.DatabaseError.throwSqlException(DatabaseError.java:111)
		at oracle.jdbc.driver.T4CTTIoer.processError(T4CTTIoer.java:330)
		at oracle.jdbc.driver.T4CTTIoer.processError(T4CTTIoer.java:287)
		at oracle.jdbc.driver.T4C8Oall.receive(T4C8Oall.java:742)
		at oracle.jdbc.driver.T4CStatement.doOall8(T4CStatement.java:206)
		at oracle.jdbc.driver.T4CStatement.executeForDescribe(T4CStatement.java:789)
		at oracle.jdbc.driver.OracleStatement.executeMaybeDescribe(OracleStatement.java:1030)
		at oracle.jdbc.driver.T4CStatement.executeMaybeDescribe(T4CStatement.java:829)
		at oracle.jdbc.driver.OracleStatement.doExecuteWithTimeout(OracleStatement.java:1123)
		at oracle.jdbc.driver.OracleStatement.executeQuery(OracleStatement.java:1263)
		at org.apache.jsp.test1.time_jsp._jspService(time_jsp.java:192)
		at org.apache.jasper.runtime.HttpJspBase.service(HttpJspBase.java:70)
		at javax.servlet.http.HttpServlet.service(HttpServlet.java:764)
		at org.apache.jasper.servlet.JspServletWrapper.service(JspServletWrapper.java:465)
		at org.apache.jasper.servlet.JspServlet.serviceJspFile(JspServlet.java:383)
		at org.apache.jasper.servlet.JspServlet.service(JspServlet.java:331)
		at javax.servlet.http.HttpServlet.service(HttpServlet.java:764)
		at org.apache.catalina.core.ApplicationFilterChain.internalDoFilter(ApplicationFilterChain.java:231)
		at org.apache.catalina.core.ApplicationFilterChain.doFilter(ApplicationFilterChain.java:166)
		at org.apache.tomcat.websocket.server.WsFilter.doFilter(WsFilter.java:52)
		at org.apache.catalina.core.ApplicationFilterChain.internalDoFilter(ApplicationFilterChain.java:193)
		at org.apache.catalina.core.ApplicationFilterChain.doFilter(ApplicationFilterChain.java:166)
		at org.apache.catalina.core.StandardWrapperValve.invoke(StandardWrapperValve.java:196)
		at org.apache.catalina.core.StandardContextValve.invoke(StandardContextValve.java:97)
		at org.apache.catalina.authenticator.AuthenticatorBase.invoke(AuthenticatorBase.java:542)
		at org.apache.catalina.core.StandardHostValve.invoke(StandardHostValve.java:135)
		at org.apache.catalina.valves.ErrorReportValve.invoke(ErrorReportValve.java:81)
		at org.apache.catalina.valves.AbstractAccessLogValve.invoke(AbstractAccessLogValve.java:698)
		at org.apache.catalina.core.StandardEngineValve.invoke(StandardEngineValve.java:78)
		at org.apache.catalina.connector.CoyoteAdapter.service(CoyoteAdapter.java:364)
		at org.apache.coyote.http11.Http11Processor.service(Http11Processor.java:624)
		at org.apache.coyote.AbstractProcessorLight.process(AbstractProcessorLight.java:65)
		at org.apache.coyote.AbstractProtocol$ConnectionHandler.process(AbstractProtocol.java:831)
		at org.apache.tomcat.util.net.NioEndpoint$SocketProcessor.doRun(NioEndpoint.java:1673)
		at org.apache.tomcat.util.net.SocketProcessorBase.run(SocketProcessorBase.java:49)
		at org.apache.tomcat.util.threads.ThreadPoolExecutor.runWorker(ThreadPoolExecutor.java:1191)
		at org.apache.tomcat.util.threads.ThreadPoolExecutor$Worker.run(ThreadPoolExecutor.java:659)
		at org.apache.tomcat.util.threads.TaskThread$WrappingRunnable.run(TaskThread.java:61)
		at java.lang.Thread.run(Unknown Source)
04-Feb-2022 16:11:44.950 严重 [http-nio-8080-exec-9] org.apache.catalina.core.StandardWrapperValve.invoke 在路径为的上下文中，Servlet[jsp]的Servlet.service（）引发了具有根本原因的异常在 [78] 行处理 [/test1/time.jsp] 时发生异常

75: String name = request.getParameter("time");//鐢╮equest寰楀埌 
76: String datetime = new SimpleDateFormat("yyyyMMdd").format(Calendar.getInstance().getTime());
77: ResultSet rs =stmt.executeQuery("SELECT PROCESS_NAME,sum(LED_TP1) LED_TP1,sum(LED_W10) LED_W10,sum(LED_W16) LED_W16,sum(LED_W01) LED_W01,sum(LED_L05) LED_L05,sum(LED_S01) LED_S01,sum(LED_S02) LED_S02,sum(LED_L08) LED_L08,sum(LED_L04) LED_L04,sum(LED_L02) LED_L02,sum(LED_L09) LED_L09,sum(LED_TP2) LED_TP2,sum(LED_W03) LED_W03,sum(LED_L03) LED_L03,sum(LED_W07) LED_W07,sum(LED_W08) LED_W08,sum(LED_S05) LED_S05,sum(LED_W05) LED_W05,sum(LED_W04) LED_W04,sum(LED_TP3) LED_TP3,sum(LED_S99) LED_S99,sum(LED_W02) LED_W02,sum(LED_S04) LED_S04,sum(LED_S03) LED_S03,sum(LED_W09) LED_W09,sum(LED_L01) LED_L01,sum(LED_L07) LED_L07,sum(LED_W11) LED_W11,sum(LED_L99) LED_L99,sum(LED_W12) LED_W12,sum(LED_S06) LED_S06,sum(LED_W06) LED_W06,sum(LED_L06) LED_L06 from(SELECT PDLINE_NAME,PROCESS_NAME, decode(PDLINE_NAME,'LED_TP1',input)LED_TP1,decode(PDLINE_NAME,'LED_W10',input) LED_W10,decode(PDLINE_NAME,'LED_W16',input) LED_W16 ,decode(PDLINE_NAME,'LED_W01',input) LED_W01 ,decode(PDLINE_NAME,'LED_L05',input) LED_L05,decode(PDLINE_NAME,'LED_S01',input) LED_S01,decode(PDLINE_NAME,'LED_S02',input) LED_S02 ,decode(PDLINE_NAME,'LED_L02',input) LED_L02 ,decode(PDLINE_NAME,'LED_L08',input) LED_L08 ,decode(PDLINE_NAME,'LED_L04',input) LED_L04 ,decode(PDLINE_NAME,'LED_L09',input) LED_L09,decode(PDLINE_NAME,'LED_TP2',input) LED_TP2,decode(PDLINE_NAME,'LED_W03',input) LED_W03 ,decode(PDLINE_NAME,'LED_L03',input) LED_L03 ,decode(PDLINE_NAME,'LED_W07',input) LED_W07,decode(PDLINE_NAME,'LED_W08',input) LED_W08,decode(PDLINE_NAME,'LED_S05',input) LED_S05 ,decode(PDLINE_NAME,'LED_W05',input) LED_W05 ,decode(PDLINE_NAME,'LED_W04',input) LED_W04 ,decode(PDLINE_NAME,'LED_TP3',input) LED_TP3 ,decode(PDLINE_NAME,'LED_S99',input) LED_S99,decode(PDLINE_NAME,'LED_W02',input) LED_W02,decode(PDLINE_NAME,'LED_S04',input) LED_S04 ,decode(PDLINE_NAME,'LED_S03',input) LED_S03 ,decode(PDLINE_NAME,'LED_W09',input) LED_W09,decode(PDLINE_NAME,'LED_L01',input) LED_L01,decode(PDLINE_NAME,'LED_L07',input) LED_L07 ,decode(PDLINE_NAME,'LED_W11',input) LED_W11 ,decode(PDLINE_NAME,'LED_L99',input) LED_L99 ,decode(PDLINE_NAME,'LED_W12',input) LED_W12 ,decode(PDLINE_NAME,'LED_S06',input) LED_S06 ,decode(PDLINE_NAME,'LED_W06',input) LED_W06 ,decode(PDLINE_NAME,'LED_L06',input) LED_L06  from INPUT_QTYC  WHERE WORK_DATE||WORK_TIME between to_CHAR('2022020408')and to_char('2022020420'))GROUP BY PROCESS_NAME");
78: ResultSet hjb =hja.executeQuery("SELECT PROCESS_NAME,INPUT  FROM input_qtyc where WORK_DATE||WORK_TIME between to_CHAR('2022020408')and to_char('2022020420')GROUP BY PROCESS_NAME");
79: 
80: 
81: ResultSet rc =stmtc.executeQuery("SELECT * FROM (SELECT PDLINE_NAME,sum(PASS_QTY+FAIL_QTY)as input,sum(PASS_QTY)as good,SUM(FAIL_QTY)AS FAIL_QTY,CONCAT(round(SUM(PASS_QTY)/(sum(PASS_QTY+FAIL_QTY))*100,2),'%')as Yield from(select * from sajet.G_SN_COUNT a  LEFT join sajet.SYS_PROCESS b  on a.process_id = b.process_id LEFT join sajet.SYS_PDLINE c  on a.PDLINE_ID = c.PDLINE_ID LEFT join sajet.G_WO_BASE d  on a.WORK_ORDER = d.WORK_ORDER WHERE A.WORK_DATE||A.WORK_TIME between to_CHAR('2022020408')and to_char('2022020420') )GROUP BY PDLINE_NAME ORDER BY FAIL_QTY DESC ) WHERE ROWNUM <= 10");


Stacktrace:
	java.sql.SQLException: ORA-00979: 不是 GROUP BY 表达式

		at oracle.jdbc.driver.DatabaseError.throwSqlException(DatabaseError.java:111)
		at oracle.jdbc.driver.T4CTTIoer.processError(T4CTTIoer.java:330)
		at oracle.jdbc.driver.T4CTTIoer.processError(T4CTTIoer.java:287)
		at oracle.jdbc.driver.T4C8Oall.receive(T4C8Oall.java:742)
		at oracle.jdbc.driver.T4CStatement.doOall8(T4CStatement.java:206)
		at oracle.jdbc.driver.T4CStatement.executeForDescribe(T4CStatement.java:789)
		at oracle.jdbc.driver.OracleStatement.executeMaybeDescribe(OracleStatement.java:1030)
		at oracle.jdbc.driver.T4CStatement.executeMaybeDescribe(T4CStatement.java:829)
		at oracle.jdbc.driver.OracleStatement.doExecuteWithTimeout(OracleStatement.java:1123)
		at oracle.jdbc.driver.OracleStatement.executeQuery(OracleStatement.java:1263)
		at org.apache.jsp.test1.time_jsp._jspService(time_jsp.java:192)
		at org.apache.jasper.runtime.HttpJspBase.service(HttpJspBase.java:70)
		at javax.servlet.http.HttpServlet.service(HttpServlet.java:764)
		at org.apache.jasper.servlet.JspServletWrapper.service(JspServletWrapper.java:465)
		at org.apache.jasper.servlet.JspServlet.serviceJspFile(JspServlet.java:383)
		at org.apache.jasper.servlet.JspServlet.service(JspServlet.java:331)
		at javax.servlet.http.HttpServlet.service(HttpServlet.java:764)
		at org.apache.catalina.core.ApplicationFilterChain.internalDoFilter(ApplicationFilterChain.java:231)
		at org.apache.catalina.core.ApplicationFilterChain.doFilter(ApplicationFilterChain.java:166)
		at org.apache.tomcat.websocket.server.WsFilter.doFilter(WsFilter.java:52)
		at org.apache.catalina.core.ApplicationFilterChain.internalDoFilter(ApplicationFilterChain.java:193)
		at org.apache.catalina.core.ApplicationFilterChain.doFilter(ApplicationFilterChain.java:166)
		at org.apache.catalina.core.StandardWrapperValve.invoke(StandardWrapperValve.java:196)
		at org.apache.catalina.core.StandardContextValve.invoke(StandardContextValve.java:97)
		at org.apache.catalina.authenticator.AuthenticatorBase.invoke(AuthenticatorBase.java:542)
		at org.apache.catalina.core.StandardHostValve.invoke(StandardHostValve.java:135)
		at org.apache.catalina.valves.ErrorReportValve.invoke(ErrorReportValve.java:81)
		at org.apache.catalina.valves.AbstractAccessLogValve.invoke(AbstractAccessLogValve.java:698)
		at org.apache.catalina.core.StandardEngineValve.invoke(StandardEngineValve.java:78)
		at org.apache.catalina.connector.CoyoteAdapter.service(CoyoteAdapter.java:364)
		at org.apache.coyote.http11.Http11Processor.service(Http11Processor.java:624)
		at org.apache.coyote.AbstractProcessorLight.process(AbstractProcessorLight.java:65)
		at org.apache.coyote.AbstractProtocol$ConnectionHandler.process(AbstractProtocol.java:831)
		at org.apache.tomcat.util.net.NioEndpoint$SocketProcessor.doRun(NioEndpoint.java:1673)
		at org.apache.tomcat.util.net.SocketProcessorBase.run(SocketProcessorBase.java:49)
		at org.apache.tomcat.util.threads.ThreadPoolExecutor.runWorker(ThreadPoolExecutor.java:1191)
		at org.apache.tomcat.util.threads.ThreadPoolExecutor$Worker.run(ThreadPoolExecutor.java:659)
		at org.apache.tomcat.util.threads.TaskThread$WrappingRunnable.run(TaskThread.java:61)
		at java.lang.Thread.run(Unknown Source)
